<?xml version="1.0" encoding="UTF-8"?>
<robot generator="Robot 6.1 (Python 3.10.10 on win32)" generated="20230707 18:28:54.486" rpa="true" schemaversion="4">
<suite id="s1" name="Fiis" source="C:\projetos\pessoal\robot\fiis">
<suite id="s1-s1" name="Src" source="C:\projetos\pessoal\robot\fiis\src">
<suite id="s1-s1-s1" name="Tasks" source="C:\projetos\pessoal\robot\fiis\src\tasks">
<suite id="s1-s1-s1-s1" name="Extractor" source="C:\projetos\pessoal\robot\fiis\src\tasks\extractor.robot">
<test id="s1-s1-s1-s1-t1" name="Collect Information About Fii" line="24">
<kw name="Open Browser" library="SeleniumLibrary">
<arg>about:blank</arg>
<arg>chrome</arg>
<doc>Opens a new browser instance to the optional ``url``.</doc>
<msg timestamp="20230707 18:28:54.959" level="INFO">Opening browser 'chrome' to base url 'about:blank'.</msg>
<status status="PASS" starttime="20230707 18:28:54.958" endtime="20230707 18:28:56.795"/>
</kw>
<kw name="Maximize Browser Window" library="SeleniumLibrary">
<doc>Maximizes current browser window.</doc>
<status status="PASS" starttime="20230707 18:28:56.795" endtime="20230707 18:28:56.921"/>
</kw>
<for flavor="IN">
<var>${fii}</var>
<value>@{tickers}</value>
<iter>
<var name="${fii}">BARI11</var>
<kw name="Go To" library="SeleniumLibrary">
<arg>https://fiis.com.br/${fii}</arg>
<doc>Navigates the current browser window to the provided ``url``.</doc>
<msg timestamp="20230707 18:28:56.922" level="INFO">Opening url 'https://fiis.com.br/BARI11'</msg>
<status status="PASS" starttime="20230707 18:28:56.922" endtime="20230707 18:29:04.171"/>
</kw>
<kw name="Create Dictionary" library="BuiltIn">
<var>&amp;{info}</var>
<doc>Creates and returns a dictionary based on the given ``items``.</doc>
<msg timestamp="20230707 18:29:04.173" level="INFO">&amp;{info} = { }</msg>
<status status="PASS" starttime="20230707 18:29:04.172" endtime="20230707 18:29:04.173"/>
</kw>
<kw name="Get Current Date" library="DateTime">
<var>${date}</var>
<arg>result_format=%m/%Y</arg>
<doc>Returns current local or UTC time with an optional increment.</doc>
<msg timestamp="20230707 18:29:04.174" level="INFO">${date} = 07/2023</msg>
<status status="PASS" starttime="20230707 18:29:04.173" endtime="20230707 18:29:04.174"/>
</kw>
<kw name="Set Variable" library="BuiltIn">
<var>${info}[date]</var>
<arg>${date}</arg>
<doc>Returns the given values which can then be assigned to a variables.</doc>
<msg timestamp="20230707 18:29:04.175" level="INFO">${info}[date] = 07/2023</msg>
<status status="PASS" starttime="20230707 18:29:04.174" endtime="20230707 18:29:04.175"/>
</kw>
<kw name="Get Dividend">
<var>${date}</var>
<var>${dividend}</var>
<kw name="Get Current Date" library="DateTime">
<var>${date}</var>
<arg>result_format=%m/%Y</arg>
<doc>Returns current local or UTC time with an optional increment.</doc>
<msg timestamp="20230707 18:29:04.177" level="INFO">${date} = 07/2023</msg>
<status status="PASS" starttime="20230707 18:29:04.176" endtime="20230707 18:29:04.177"/>
</kw>
<kw name="Set Variable" library="BuiltIn">
<var>${locator}</var>
<arg>//div[@data-category='rendimento']/p[contains(text(), '${date}')]</arg>
<doc>Returns the given values which can then be assigned to a variables.</doc>
<msg timestamp="20230707 18:29:04.178" level="INFO">${locator} = //div[@data-category='rendimento']/p[contains(text(), '07/2023')]</msg>
<status status="PASS" starttime="20230707 18:29:04.177" endtime="20230707 18:29:04.178"/>
</kw>
<kw name="Run Keyword And Return Status" library="BuiltIn">
<var>${status}</var>
<arg>Element Should Be Visible</arg>
<arg>${locator}</arg>
<doc>Runs the given keyword with given arguments and returns the status as a Boolean value.</doc>
<kw name="Element Should Be Visible" library="SeleniumLibrary">
<arg>${locator}</arg>
<doc>Verifies that the element identified by ``locator`` is visible.</doc>
<msg timestamp="20230707 18:29:04.295" level="INFO">Element '//div[@data-category='rendimento']/p[contains(text(), '07/2023')]' is displayed.</msg>
<status status="PASS" starttime="20230707 18:29:04.179" endtime="20230707 18:29:04.295"/>
</kw>
<msg timestamp="20230707 18:29:04.295" level="INFO">${status} = True</msg>
<status status="PASS" starttime="20230707 18:29:04.178" endtime="20230707 18:29:04.295"/>
</kw>
<if>
<branch type="IF" condition="${status}">
<kw name="Get Text" library="SeleniumLibrary">
<var>${raw}</var>
<arg>${locator}</arg>
<doc>Returns the text value of the element identified by ``locator``.</doc>
<msg timestamp="20230707 18:29:04.352" level="INFO">${raw} = Informou distribuição de:
Rendimento no valor de R$ 0,94 por cota no dia 21/07/2023</msg>
<status status="PASS" starttime="20230707 18:29:04.296" endtime="20230707 18:29:04.352"/>
</kw>
<kw name="Evaluate" library="BuiltIn">
<var>${dividendo}</var>
<arg>$raw.split('\\n')[1].split('R$ ')[1].split(' ')[0]</arg>
<doc>Evaluates the given expression in Python and returns the result.</doc>
<msg timestamp="20230707 18:29:04.361" level="INFO">${dividendo} = 0,94</msg>
<status status="PASS" starttime="20230707 18:29:04.353" endtime="20230707 18:29:04.361"/>
</kw>
<kw name="Evaluate" library="BuiltIn">
<var>${dividendo}</var>
<arg>$dividendo.replace('.', '').replace(',', '.')</arg>
<doc>Evaluates the given expression in Python and returns the result.</doc>
<msg timestamp="20230707 18:29:04.362" level="INFO">${dividendo} = 0.94</msg>
<status status="PASS" starttime="20230707 18:29:04.361" endtime="20230707 18:29:04.363"/>
</kw>
<return>
<value>${date}</value>
<value>${dividendo}</value>
<status status="PASS" starttime="20230707 18:29:04.363" endtime="20230707 18:29:04.363"/>
</return>
<status status="PASS" starttime="20230707 18:29:04.296" endtime="20230707 18:29:04.363"/>
</branch>
<branch type="ELSE">
<kw name="Get Current Date" library="DateTime">
<var>${date}</var>
<arg>increment=-30d</arg>
<arg>result_format=%m/%Y</arg>
<doc>Returns current local or UTC time with an optional increment.</doc>
<status status="NOT RUN" starttime="20230707 18:29:04.363" endtime="20230707 18:29:04.363"/>
</kw>
<kw name="Set Variable" library="BuiltIn">
<var>${locator}</var>
<arg>//div[@data-category='rendimento']/p[contains(text(), '${date}')]</arg>
<doc>Returns the given values which can then be assigned to a variables.</doc>
<status status="NOT RUN" starttime="20230707 18:29:04.364" endtime="20230707 18:29:04.364"/>
</kw>
<kw name="Run Keyword And Return Status" library="BuiltIn">
<var>${status}</var>
<arg>Element Should Be Visible</arg>
<arg>${locator}</arg>
<doc>Runs the given keyword with given arguments and returns the status as a Boolean value.</doc>
<status status="NOT RUN" starttime="20230707 18:29:04.364" endtime="20230707 18:29:04.364"/>
</kw>
<if>
<branch type="IF" condition="${status}">
<kw name="Get Text" library="SeleniumLibrary">
<var>${raw}</var>
<arg>${locator}</arg>
<doc>Returns the text value of the element identified by ``locator``.</doc>
<status status="NOT RUN" starttime="20230707 18:29:04.365" endtime="20230707 18:29:04.365"/>
</kw>
<kw name="Evaluate" library="BuiltIn">
<var>${dividendo}</var>
<arg>$raw.split('\\n')[1].split('R$ ')[1].split(' ')[0]</arg>
<doc>Evaluates the given expression in Python and returns the result.</doc>
<status status="NOT RUN" starttime="20230707 18:29:04.365" endtime="20230707 18:29:04.365"/>
</kw>
<kw name="Evaluate" library="BuiltIn">
<var>${dividendo}</var>
<arg>$dividendo.replace('.', '').replace(',', '.')</arg>
<doc>Evaluates the given expression in Python and returns the result.</doc>
<status status="NOT RUN" starttime="20230707 18:29:04.366" endtime="20230707 18:29:04.366"/>
</kw>
<return>
<value>${date}</value>
<value>${dividendo}</value>
<status status="NOT RUN" starttime="20230707 18:29:04.366" endtime="20230707 18:29:04.366"/>
</return>
<status status="NOT RUN" starttime="20230707 18:29:04.365" endtime="20230707 18:29:04.366"/>
</branch>
<branch type="ELSE">
<return>
<value>${date}</value>
<value>${-1}</value>
<status status="NOT RUN" starttime="20230707 18:29:04.366" endtime="20230707 18:29:04.366"/>
</return>
<status status="NOT RUN" starttime="20230707 18:29:04.366" endtime="20230707 18:29:04.367"/>
</branch>
<status status="NOT RUN" starttime="20230707 18:29:04.364" endtime="20230707 18:29:04.367"/>
</if>
<status status="NOT RUN" starttime="20230707 18:29:04.363" endtime="20230707 18:29:04.367"/>
</branch>
<status status="PASS" starttime="20230707 18:29:04.296" endtime="20230707 18:29:04.367"/>
</if>
<msg timestamp="20230707 18:29:04.367" level="INFO">${date} = 07/2023</msg>
<msg timestamp="20230707 18:29:04.368" level="INFO">${dividend} = 0.94</msg>
<status status="PASS" starttime="20230707 18:29:04.175" endtime="20230707 18:29:04.368"/>
</kw>
<kw name="Set Variable" library="BuiltIn">
<var>${info}[date]</var>
<arg>${date}</arg>
<doc>Returns the given values which can then be assigned to a variables.</doc>
<msg timestamp="20230707 18:29:04.369" level="INFO">${info}[date] = 07/2023</msg>
<status status="PASS" starttime="20230707 18:29:04.368" endtime="20230707 18:29:04.369"/>
</kw>
<kw name="Set Variable" library="BuiltIn">
<var>${info}[dividend]</var>
<arg>${dividend}</arg>
<doc>Returns the given values which can then be assigned to a variables.</doc>
<msg timestamp="20230707 18:29:04.370" level="INFO">${info}[dividend] = 0.94</msg>
<status status="PASS" starttime="20230707 18:29:04.369" endtime="20230707 18:29:04.370"/>
</kw>
<kw name="Get Number value">
<var>${info}[dividend_yield]</var>
<arg>//div[@class='indicators']//p[text()='Dividend Yield']/..//b</arg>
<kw name="Get Text" library="SeleniumLibrary">
<var>${raw}</var>
<arg>${locator}</arg>
<doc>Returns the text value of the element identified by ``locator``.</doc>
<msg timestamp="20230707 18:29:04.436" level="INFO">${raw} = 14,01</msg>
<status status="PASS" starttime="20230707 18:29:04.371" endtime="20230707 18:29:04.436"/>
</kw>
<kw name="Evaluate" library="BuiltIn">
<var>${parsed}</var>
<arg>$raw.replace('.', '').replace(',', '.')</arg>
<doc>Evaluates the given expression in Python and returns the result.</doc>
<msg timestamp="20230707 18:29:04.437" level="INFO">${parsed} = 14.01</msg>
<status status="PASS" starttime="20230707 18:29:04.436" endtime="20230707 18:29:04.437"/>
</kw>
<return>
<value>${parsed}</value>
<status status="PASS" starttime="20230707 18:29:04.437" endtime="20230707 18:29:04.437"/>
</return>
<msg timestamp="20230707 18:29:04.438" level="INFO">${info}[dividend_yield] = 14.01</msg>
<status status="PASS" starttime="20230707 18:29:04.370" endtime="20230707 18:29:04.438"/>
</kw>
<kw name="Get Number value">
<var>${info}[pvp]</var>
<arg>//div[@class='indicators']//p[text()='P/VP']/..//b</arg>
<kw name="Get Text" library="SeleniumLibrary">
<var>${raw}</var>
<arg>${locator}</arg>
<doc>Returns the text value of the element identified by ``locator``.</doc>
<msg timestamp="20230707 18:29:04.486" level="INFO">${raw} = 0,87</msg>
<status status="PASS" starttime="20230707 18:29:04.439" endtime="20230707 18:29:04.486"/>
</kw>
<kw name="Evaluate" library="BuiltIn">
<var>${parsed}</var>
<arg>$raw.replace('.', '').replace(',', '.')</arg>
<doc>Evaluates the given expression in Python and returns the result.</doc>
<msg timestamp="20230707 18:29:04.487" level="INFO">${parsed} = 0.87</msg>
<status status="PASS" starttime="20230707 18:29:04.487" endtime="20230707 18:29:04.487"/>
</kw>
<return>
<value>${parsed}</value>
<status status="PASS" starttime="20230707 18:29:04.488" endtime="20230707 18:29:04.488"/>
</return>
<msg timestamp="20230707 18:29:04.488" level="INFO">${info}[pvp] = 0.87</msg>
<status status="PASS" starttime="20230707 18:29:04.438" endtime="20230707 18:29:04.488"/>
</kw>
<kw name="Get Number value">
<var>${info}[price]</var>
<arg>//div[@class='item quotation']//span[@class='value']</arg>
<kw name="Get Text" library="SeleniumLibrary">
<var>${raw}</var>
<arg>${locator}</arg>
<doc>Returns the text value of the element identified by ``locator``.</doc>
<msg timestamp="20230707 18:29:04.621" level="INFO">${raw} = 84,85</msg>
<status status="PASS" starttime="20230707 18:29:04.489" endtime="20230707 18:29:04.621"/>
</kw>
<kw name="Evaluate" library="BuiltIn">
<var>${parsed}</var>
<arg>$raw.replace('.', '').replace(',', '.')</arg>
<doc>Evaluates the given expression in Python and returns the result.</doc>
<msg timestamp="20230707 18:29:04.622" level="INFO">${parsed} = 84.85</msg>
<status status="PASS" starttime="20230707 18:29:04.621" endtime="20230707 18:29:04.622"/>
</kw>
<return>
<value>${parsed}</value>
<status status="PASS" starttime="20230707 18:29:04.622" endtime="20230707 18:29:04.622"/>
</return>
<msg timestamp="20230707 18:29:04.623" level="INFO">${info}[price] = 84.85</msg>
<status status="PASS" starttime="20230707 18:29:04.488" endtime="20230707 18:29:04.623"/>
</kw>
<kw name="Get Number value">
<var>${info}[qtd_cotistas]</var>
<arg>//div[@class='wrapper indicators']//p[text()='N° de Cotistas']/..//b</arg>
<kw name="Get Text" library="SeleniumLibrary">
<var>${raw}</var>
<arg>${locator}</arg>
<doc>Returns the text value of the element identified by ``locator``.</doc>
<msg timestamp="20230707 18:29:04.664" level="INFO">${raw} = 38.588</msg>
<status status="PASS" starttime="20230707 18:29:04.625" endtime="20230707 18:29:04.664"/>
</kw>
<kw name="Evaluate" library="BuiltIn">
<var>${parsed}</var>
<arg>$raw.replace('.', '').replace(',', '.')</arg>
<doc>Evaluates the given expression in Python and returns the result.</doc>
<msg timestamp="20230707 18:29:04.665" level="INFO">${parsed} = 38588</msg>
<status status="PASS" starttime="20230707 18:29:04.664" endtime="20230707 18:29:04.665"/>
</kw>
<return>
<value>${parsed}</value>
<status status="PASS" starttime="20230707 18:29:04.665" endtime="20230707 18:29:04.665"/>
</return>
<msg timestamp="20230707 18:29:04.665" level="INFO">${info}[qtd_cotistas] = 38588</msg>
<status status="PASS" starttime="20230707 18:29:04.624" endtime="20230707 18:29:04.666"/>
</kw>
<kw name="Get Text" library="SeleniumLibrary">
<var>${info}[tp_fundo]</var>
<arg>//div[@class='moreInfo wrapper']//span[text()='Tipo de Fundo']/../b</arg>
<doc>Returns the text value of the element identified by ``locator``.</doc>
<msg timestamp="20230707 18:29:04.705" level="INFO">${info}[tp_fundo] = Papéis</msg>
<status status="PASS" starttime="20230707 18:29:04.666" endtime="20230707 18:29:04.705"/>
</kw>
<kw name="Get Number value">
<var>${info}[qt_cotas]</var>
<arg>//div[@class='moreInfo wrapper']//span[text()='Número de Cotas']/../b</arg>
<kw name="Get Text" library="SeleniumLibrary">
<var>${raw}</var>
<arg>${locator}</arg>
<doc>Returns the text value of the element identified by ``locator``.</doc>
<msg timestamp="20230707 18:29:04.747" level="INFO">${raw} = 4.634.191</msg>
<status status="PASS" starttime="20230707 18:29:04.706" endtime="20230707 18:29:04.747"/>
</kw>
<kw name="Evaluate" library="BuiltIn">
<var>${parsed}</var>
<arg>$raw.replace('.', '').replace(',', '.')</arg>
<doc>Evaluates the given expression in Python and returns the result.</doc>
<msg timestamp="20230707 18:29:04.748" level="INFO">${parsed} = 4634191</msg>
<status status="PASS" starttime="20230707 18:29:04.747" endtime="20230707 18:29:04.748"/>
</kw>
<return>
<value>${parsed}</value>
<status status="PASS" starttime="20230707 18:29:04.748" endtime="20230707 18:29:04.748"/>
</return>
<msg timestamp="20230707 18:29:04.749" level="INFO">${info}[qt_cotas] = 4634191</msg>
<status status="PASS" starttime="20230707 18:29:04.705" endtime="20230707 18:29:04.749"/>
</kw>
<kw name="Get Number value">
<var>${vl_patrimonio}</var>
<arg>//div[@class='moreInfo wrapper']//span[text()='Patrimônio']/../b</arg>
<kw name="Get Text" library="SeleniumLibrary">
<var>${raw}</var>
<arg>${locator}</arg>
<doc>Returns the text value of the element identified by ``locator``.</doc>
<msg timestamp="20230707 18:29:04.844" level="INFO">${raw} = R$ 447.259.334</msg>
<status status="PASS" starttime="20230707 18:29:04.750" endtime="20230707 18:29:04.844"/>
</kw>
<kw name="Evaluate" library="BuiltIn">
<var>${parsed}</var>
<arg>$raw.replace('.', '').replace(',', '.')</arg>
<doc>Evaluates the given expression in Python and returns the result.</doc>
<msg timestamp="20230707 18:29:04.846" level="INFO">${parsed} = R$ 447259334</msg>
<status status="PASS" starttime="20230707 18:29:04.845" endtime="20230707 18:29:04.846"/>
</kw>
<return>
<value>${parsed}</value>
<status status="PASS" starttime="20230707 18:29:04.846" endtime="20230707 18:29:04.847"/>
</return>
<msg timestamp="20230707 18:29:04.847" level="INFO">${vl_patrimonio} = R$ 447259334</msg>
<status status="PASS" starttime="20230707 18:29:04.749" endtime="20230707 18:29:04.847"/>
</kw>
<kw name="Evaluate" library="BuiltIn">
<var>${info}[vl_patrimonio]</var>
<arg>$vl_patrimonio.split(' ')[1]</arg>
<doc>Evaluates the given expression in Python and returns the result.</doc>
<msg timestamp="20230707 18:29:04.848" level="INFO">${info}[vl_patrimonio] = 447259334</msg>
<status status="PASS" starttime="20230707 18:29:04.847" endtime="20230707 18:29:04.848"/>
</kw>
<kw name="Get Text" library="SeleniumLibrary">
<var>${info}[cnpj]</var>
<arg>//div[@class='moreInfo wrapper']//span[text()='CNPJ']/../b</arg>
<doc>Returns the text value of the element identified by ``locator``.</doc>
<msg timestamp="20230707 18:29:04.903" level="INFO">${info}[cnpj] = 29.267.567/0001-00</msg>
<status status="PASS" starttime="20230707 18:29:04.848" endtime="20230707 18:29:04.904"/>
</kw>
<kw name="Evaluate" library="BuiltIn">
<var>${info}[admin]</var>
<arg>{}</arg>
<doc>Evaluates the given expression in Python and returns the result.</doc>
<msg timestamp="20230707 18:29:04.905" level="INFO">${info}[admin] = {}</msg>
<status status="PASS" starttime="20230707 18:29:04.904" endtime="20230707 18:29:04.905"/>
</kw>
<kw name="Get Text" library="SeleniumLibrary">
<var>${info}[admin][nome]</var>
<arg>//div[@class='informations__adm']//p</arg>
<doc>Returns the text value of the element identified by ``locator``.</doc>
<msg timestamp="20230707 18:29:04.955" level="INFO">${info}[admin][nome] = OLIVEIRA TRUST DTVM S.A.</msg>
<status status="PASS" starttime="20230707 18:29:04.905" endtime="20230707 18:29:04.955"/>
</kw>
<kw name="Get Text" library="SeleniumLibrary">
<var>${info}[admin][cnpj]</var>
<arg>//div[@class='informations__adm']//span[2]</arg>
<doc>Returns the text value of the element identified by ``locator``.</doc>
<msg timestamp="20230707 18:29:05.003" level="INFO">${info}[admin][cnpj] = 36.113.876/0001-91</msg>
<status status="PASS" starttime="20230707 18:29:04.955" endtime="20230707 18:29:05.003"/>
</kw>
<kw name="Get Text" library="SeleniumLibrary">
<var>${info}[admin][email]</var>
<arg>//div[@class='informations__contact']/div[2]//p</arg>
<doc>Returns the text value of the element identified by ``locator``.</doc>
<msg timestamp="20230707 18:29:05.043" level="INFO">${info}[admin][email] = ger2.fundos@oliveiratrust.com.br</msg>
<status status="PASS" starttime="20230707 18:29:05.003" endtime="20230707 18:29:05.043"/>
</kw>
<if>
<branch type="IF" condition="${dividend} != ${-1}">
<kw name="Connect To Deta" library="DetaLibrary">
<arg>project_key=e0vhkm6intc_CDf1VFjfCuL5h27yp75qfDugbWAMH5m4</arg>
<status status="PASS" starttime="20230707 18:29:05.044" endtime="20230707 18:29:05.045"/>
</kw>
<kw name="Select Base" library="DetaLibrary">
<arg>dividends</arg>
<status status="PASS" starttime="20230707 18:29:05.045" endtime="20230707 18:29:05.085"/>
</kw>
<kw name="Create Dictionary" library="BuiltIn">
<var>${data}</var>
<arg>ticker=${fii}</arg>
<arg>dados=${info}</arg>
<arg>date=${date}</arg>
<doc>Creates and returns a dictionary based on the given ``items``.</doc>
<msg timestamp="20230707 18:29:05.086" level="INFO">${data} = {'ticker': 'BARI11', 'dados': {'date': '07/2023', 'dividend': '0.94', 'dividend_yield': '14.01', 'pvp': '0.87', 'price': '84.85', 'qtd_cotistas': '38588', 'tp_fundo': 'Papéis', 'qt_cotas': '4634191', ...</msg>
<status status="PASS" starttime="20230707 18:29:05.085" endtime="20230707 18:29:05.086"/>
</kw>
<kw name="Create Dictionary" library="BuiltIn">
<var>${query}</var>
<arg>ticker?contains=${fii}</arg>
<arg>date=${date}</arg>
<doc>Creates and returns a dictionary based on the given ``items``.</doc>
<msg timestamp="20230707 18:29:05.087" level="INFO">${query} = {'ticker?contains': 'BARI11', 'date': '07/2023'}</msg>
<status status="PASS" starttime="20230707 18:29:05.086" endtime="20230707 18:29:05.087"/>
</kw>
<kw name="Fetch From Base" library="DetaLibrary">
<var>${result}</var>
<arg>${query}</arg>
<msg timestamp="20230707 18:29:05.177" level="INFO">${result} = &lt;deta.base.FetchResponse object at 0x00000161CD001480&gt;</msg>
<status status="PASS" starttime="20230707 18:29:05.087" endtime="20230707 18:29:05.177"/>
</kw>
<kw name="Evaluate" library="BuiltIn">
<var>${status}</var>
<arg>$result.count == 0</arg>
<doc>Evaluates the given expression in Python and returns the result.</doc>
<msg timestamp="20230707 18:29:05.178" level="INFO">${status} = False</msg>
<status status="PASS" starttime="20230707 18:29:05.177" endtime="20230707 18:29:05.178"/>
</kw>
<if>
<branch type="IF" condition="${status}">
<kw name="Insert In A Base" library="DetaLibrary">
<arg>data=${data}</arg>
<status status="NOT RUN" starttime="20230707 18:29:05.179" endtime="20230707 18:29:05.179"/>
</kw>
<status status="NOT RUN" starttime="20230707 18:29:05.178" endtime="20230707 18:29:05.179"/>
</branch>
<status status="PASS" starttime="20230707 18:29:05.178" endtime="20230707 18:29:05.179"/>
</if>
<status status="PASS" starttime="20230707 18:29:05.043" endtime="20230707 18:29:05.179"/>
</branch>
<status status="PASS" starttime="20230707 18:29:05.043" endtime="20230707 18:29:05.179"/>
</if>
<status status="PASS" starttime="20230707 18:28:56.922" endtime="20230707 18:29:05.179"/>
</iter>
<iter>
<var name="${fii}">BCFF11</var>
<kw name="Go To" library="SeleniumLibrary">
<arg>https://fiis.com.br/${fii}</arg>
<doc>Navigates the current browser window to the provided ``url``.</doc>
<msg timestamp="20230707 18:29:05.180" level="INFO">Opening url 'https://fiis.com.br/BCFF11'</msg>
<status status="PASS" starttime="20230707 18:29:05.180" endtime="20230707 18:29:08.611"/>
</kw>
<kw name="Create Dictionary" library="BuiltIn">
<var>&amp;{info}</var>
<doc>Creates and returns a dictionary based on the given ``items``.</doc>
<msg timestamp="20230707 18:29:08.612" level="INFO">&amp;{info} = { }</msg>
<status status="PASS" starttime="20230707 18:29:08.611" endtime="20230707 18:29:08.612"/>
</kw>
<kw name="Get Current Date" library="DateTime">
<var>${date}</var>
<arg>result_format=%m/%Y</arg>
<doc>Returns current local or UTC time with an optional increment.</doc>
<msg timestamp="20230707 18:29:08.613" level="INFO">${date} = 07/2023</msg>
<status status="PASS" starttime="20230707 18:29:08.612" endtime="20230707 18:29:08.613"/>
</kw>
<kw name="Set Variable" library="BuiltIn">
<var>${info}[date]</var>
<arg>${date}</arg>
<doc>Returns the given values which can then be assigned to a variables.</doc>
<msg timestamp="20230707 18:29:08.614" level="INFO">${info}[date] = 07/2023</msg>
<status status="PASS" starttime="20230707 18:29:08.613" endtime="20230707 18:29:08.614"/>
</kw>
<kw name="Get Dividend">
<var>${date}</var>
<var>${dividend}</var>
<kw name="Get Current Date" library="DateTime">
<var>${date}</var>
<arg>result_format=%m/%Y</arg>
<doc>Returns current local or UTC time with an optional increment.</doc>
<msg timestamp="20230707 18:29:08.616" level="INFO">${date} = 07/2023</msg>
<status status="PASS" starttime="20230707 18:29:08.615" endtime="20230707 18:29:08.616"/>
</kw>
<kw name="Set Variable" library="BuiltIn">
<var>${locator}</var>
<arg>//div[@data-category='rendimento']/p[contains(text(), '${date}')]</arg>
<doc>Returns the given values which can then be assigned to a variables.</doc>
<msg timestamp="20230707 18:29:08.618" level="INFO">${locator} = //div[@data-category='rendimento']/p[contains(text(), '07/2023')]</msg>
<status status="PASS" starttime="20230707 18:29:08.617" endtime="20230707 18:29:08.618"/>
</kw>
<kw name="Run Keyword And Return Status" library="BuiltIn">
<var>${status}</var>
<arg>Element Should Be Visible</arg>
<arg>${locator}</arg>
<doc>Runs the given keyword with given arguments and returns the status as a Boolean value.</doc>
<kw name="Element Should Be Visible" library="SeleniumLibrary">
<arg>${locator}</arg>
<doc>Verifies that the element identified by ``locator`` is visible.</doc>
<msg timestamp="20230707 18:29:08.641" level="FAIL">Element with locator '//div[@data-category='rendimento']/p[contains(text(), '07/2023')]' not found.</msg>
<status status="FAIL" starttime="20230707 18:29:08.620" endtime="20230707 18:29:08.645"/>
</kw>
<msg timestamp="20230707 18:29:08.645" level="INFO">${status} = False</msg>
<status status="PASS" starttime="20230707 18:29:08.619" endtime="20230707 18:29:08.646"/>
</kw>
<if>
<branch type="IF" condition="${status}">
<kw name="Get Text" library="SeleniumLibrary">
<var>${raw}</var>
<arg>${locator}</arg>
<doc>Returns the text value of the element identified by ``locator``.</doc>
<status status="NOT RUN" starttime="20230707 18:29:08.646" endtime="20230707 18:29:08.646"/>
</kw>
<kw name="Evaluate" library="BuiltIn">
<var>${dividendo}</var>
<arg>$raw.split('\\n')[1].split('R$ ')[1].split(' ')[0]</arg>
<doc>Evaluates the given expression in Python and returns the result.</doc>
<status status="NOT RUN" starttime="20230707 18:29:08.647" endtime="20230707 18:29:08.647"/>
</kw>
<kw name="Evaluate" library="BuiltIn">
<var>${dividendo}</var>
<arg>$dividendo.replace('.', '').replace(',', '.')</arg>
<doc>Evaluates the given expression in Python and returns the result.</doc>
<status status="NOT RUN" starttime="20230707 18:29:08.647" endtime="20230707 18:29:08.647"/>
</kw>
<return>
<value>${date}</value>
<value>${dividendo}</value>
<status status="NOT RUN" starttime="20230707 18:29:08.647" endtime="20230707 18:29:08.647"/>
</return>
<status status="NOT RUN" starttime="20230707 18:29:08.646" endtime="20230707 18:29:08.647"/>
</branch>
<branch type="ELSE">
<kw name="Get Current Date" library="DateTime">
<var>${date}</var>
<arg>increment=-30d</arg>
<arg>result_format=%m/%Y</arg>
<doc>Returns current local or UTC time with an optional increment.</doc>
<msg timestamp="20230707 18:29:08.650" level="INFO">${date} = 06/2023</msg>
<status status="PASS" starttime="20230707 18:29:08.648" endtime="20230707 18:29:08.650"/>
</kw>
<kw name="Set Variable" library="BuiltIn">
<var>${locator}</var>
<arg>//div[@data-category='rendimento']/p[contains(text(), '${date}')]</arg>
<doc>Returns the given values which can then be assigned to a variables.</doc>
<msg timestamp="20230707 18:29:08.651" level="INFO">${locator} = //div[@data-category='rendimento']/p[contains(text(), '06/2023')]</msg>
<status status="PASS" starttime="20230707 18:29:08.651" endtime="20230707 18:29:08.651"/>
</kw>
<kw name="Run Keyword And Return Status" library="BuiltIn">
<var>${status}</var>
<arg>Element Should Be Visible</arg>
<arg>${locator}</arg>
<doc>Runs the given keyword with given arguments and returns the status as a Boolean value.</doc>
<kw name="Element Should Be Visible" library="SeleniumLibrary">
<arg>${locator}</arg>
<doc>Verifies that the element identified by ``locator`` is visible.</doc>
<msg timestamp="20230707 18:29:08.976" level="INFO">Element '//div[@data-category='rendimento']/p[contains(text(), '06/2023')]' is displayed.</msg>
<status status="PASS" starttime="20230707 18:29:08.652" endtime="20230707 18:29:08.976"/>
</kw>
<msg timestamp="20230707 18:29:08.976" level="INFO">${status} = True</msg>
<status status="PASS" starttime="20230707 18:29:08.651" endtime="20230707 18:29:08.976"/>
</kw>
<if>
<branch type="IF" condition="${status}">
<kw name="Get Text" library="SeleniumLibrary">
<var>${raw}</var>
<arg>${locator}</arg>
<doc>Returns the text value of the element identified by ``locator``.</doc>
<msg timestamp="20230707 18:29:09.019" level="INFO">${raw} = Informou distribuição de:
Rendimento no valor de R$ 0,56 por cota no dia 15/06/2023</msg>
<status status="PASS" starttime="20230707 18:29:08.977" endtime="20230707 18:29:09.019"/>
</kw>
<kw name="Evaluate" library="BuiltIn">
<var>${dividendo}</var>
<arg>$raw.split('\\n')[1].split('R$ ')[1].split(' ')[0]</arg>
<doc>Evaluates the given expression in Python and returns the result.</doc>
<msg timestamp="20230707 18:29:09.021" level="INFO">${dividendo} = 0,56</msg>
<status status="PASS" starttime="20230707 18:29:09.020" endtime="20230707 18:29:09.021"/>
</kw>
<kw name="Evaluate" library="BuiltIn">
<var>${dividendo}</var>
<arg>$dividendo.replace('.', '').replace(',', '.')</arg>
<doc>Evaluates the given expression in Python and returns the result.</doc>
<msg timestamp="20230707 18:29:09.022" level="INFO">${dividendo} = 0.56</msg>
<status status="PASS" starttime="20230707 18:29:09.021" endtime="20230707 18:29:09.022"/>
</kw>
<return>
<value>${date}</value>
<value>${dividendo}</value>
<status status="PASS" starttime="20230707 18:29:09.023" endtime="20230707 18:29:09.023"/>
</return>
<status status="PASS" starttime="20230707 18:29:08.976" endtime="20230707 18:29:09.023"/>
</branch>
<branch type="ELSE">
<return>
<value>${date}</value>
<value>${-1}</value>
<status status="NOT RUN" starttime="20230707 18:29:09.023" endtime="20230707 18:29:09.023"/>
</return>
<status status="NOT RUN" starttime="20230707 18:29:09.023" endtime="20230707 18:29:09.023"/>
</branch>
<status status="PASS" starttime="20230707 18:29:08.976" endtime="20230707 18:29:09.023"/>
</if>
<status status="PASS" starttime="20230707 18:29:08.647" endtime="20230707 18:29:09.023"/>
</branch>
<status status="PASS" starttime="20230707 18:29:08.646" endtime="20230707 18:29:09.023"/>
</if>
<msg timestamp="20230707 18:29:09.024" level="INFO">${date} = 06/2023</msg>
<msg timestamp="20230707 18:29:09.024" level="INFO">${dividend} = 0.56</msg>
<status status="PASS" starttime="20230707 18:29:08.614" endtime="20230707 18:29:09.024"/>
</kw>
<kw name="Set Variable" library="BuiltIn">
<var>${info}[date]</var>
<arg>${date}</arg>
<doc>Returns the given values which can then be assigned to a variables.</doc>
<msg timestamp="20230707 18:29:09.025" level="INFO">${info}[date] = 06/2023</msg>
<status status="PASS" starttime="20230707 18:29:09.024" endtime="20230707 18:29:09.025"/>
</kw>
<kw name="Set Variable" library="BuiltIn">
<var>${info}[dividend]</var>
<arg>${dividend}</arg>
<doc>Returns the given values which can then be assigned to a variables.</doc>
<msg timestamp="20230707 18:29:09.026" level="INFO">${info}[dividend] = 0.56</msg>
<status status="PASS" starttime="20230707 18:29:09.026" endtime="20230707 18:29:09.027"/>
</kw>
<kw name="Get Number value">
<var>${info}[dividend_yield]</var>
<arg>//div[@class='indicators']//p[text()='Dividend Yield']/..//b</arg>
<kw name="Get Text" library="SeleniumLibrary">
<var>${raw}</var>
<arg>${locator}</arg>
<doc>Returns the text value of the element identified by ``locator``.</doc>
<msg timestamp="20230707 18:29:09.069" level="INFO">${raw} = 9,37</msg>
<status status="PASS" starttime="20230707 18:29:09.028" endtime="20230707 18:29:09.069"/>
</kw>
<kw name="Evaluate" library="BuiltIn">
<var>${parsed}</var>
<arg>$raw.replace('.', '').replace(',', '.')</arg>
<doc>Evaluates the given expression in Python and returns the result.</doc>
<msg timestamp="20230707 18:29:09.070" level="INFO">${parsed} = 9.37</msg>
<status status="PASS" starttime="20230707 18:29:09.070" endtime="20230707 18:29:09.071"/>
</kw>
<return>
<value>${parsed}</value>
<status status="PASS" starttime="20230707 18:29:09.071" endtime="20230707 18:29:09.071"/>
</return>
<msg timestamp="20230707 18:29:09.071" level="INFO">${info}[dividend_yield] = 9.37</msg>
<status status="PASS" starttime="20230707 18:29:09.027" endtime="20230707 18:29:09.071"/>
</kw>
<kw name="Get Number value">
<var>${info}[pvp]</var>
<arg>//div[@class='indicators']//p[text()='P/VP']/..//b</arg>
<kw name="Get Text" library="SeleniumLibrary">
<var>${raw}</var>
<arg>${locator}</arg>
<doc>Returns the text value of the element identified by ``locator``.</doc>
<msg timestamp="20230707 18:29:09.109" level="INFO">${raw} = 0,97</msg>
<status status="PASS" starttime="20230707 18:29:09.072" endtime="20230707 18:29:09.109"/>
</kw>
<kw name="Evaluate" library="BuiltIn">
<var>${parsed}</var>
<arg>$raw.replace('.', '').replace(',', '.')</arg>
<doc>Evaluates the given expression in Python and returns the result.</doc>
<msg timestamp="20230707 18:29:09.110" level="INFO">${parsed} = 0.97</msg>
<status status="PASS" starttime="20230707 18:29:09.109" endtime="20230707 18:29:09.110"/>
</kw>
<return>
<value>${parsed}</value>
<status status="PASS" starttime="20230707 18:29:09.110" endtime="20230707 18:29:09.110"/>
</return>
<msg timestamp="20230707 18:29:09.111" level="INFO">${info}[pvp] = 0.97</msg>
<status status="PASS" starttime="20230707 18:29:09.072" endtime="20230707 18:29:09.111"/>
</kw>
<kw name="Get Number value">
<var>${info}[price]</var>
<arg>//div[@class='item quotation']//span[@class='value']</arg>
<kw name="Get Text" library="SeleniumLibrary">
<var>${raw}</var>
<arg>${locator}</arg>
<doc>Returns the text value of the element identified by ``locator``.</doc>
<msg timestamp="20230707 18:29:09.145" level="INFO">${raw} = 72,40</msg>
<status status="PASS" starttime="20230707 18:29:09.112" endtime="20230707 18:29:09.145"/>
</kw>
<kw name="Evaluate" library="BuiltIn">
<var>${parsed}</var>
<arg>$raw.replace('.', '').replace(',', '.')</arg>
<doc>Evaluates the given expression in Python and returns the result.</doc>
<msg timestamp="20230707 18:29:09.147" level="INFO">${parsed} = 72.40</msg>
<status status="PASS" starttime="20230707 18:29:09.145" endtime="20230707 18:29:09.147"/>
</kw>
<return>
<value>${parsed}</value>
<status status="PASS" starttime="20230707 18:29:09.148" endtime="20230707 18:29:09.148"/>
</return>
<msg timestamp="20230707 18:29:09.148" level="INFO">${info}[price] = 72.40</msg>
<status status="PASS" starttime="20230707 18:29:09.111" endtime="20230707 18:29:09.148"/>
</kw>
<kw name="Get Number value">
<var>${info}[qtd_cotistas]</var>
<arg>//div[@class='wrapper indicators']//p[text()='N° de Cotistas']/..//b</arg>
<kw name="Get Text" library="SeleniumLibrary">
<var>${raw}</var>
<arg>${locator}</arg>
<doc>Returns the text value of the element identified by ``locator``.</doc>
<msg timestamp="20230707 18:29:09.180" level="INFO">${raw} = 302.382</msg>
<status status="PASS" starttime="20230707 18:29:09.149" endtime="20230707 18:29:09.180"/>
</kw>
<kw name="Evaluate" library="BuiltIn">
<var>${parsed}</var>
<arg>$raw.replace('.', '').replace(',', '.')</arg>
<doc>Evaluates the given expression in Python and returns the result.</doc>
<msg timestamp="20230707 18:29:09.181" level="INFO">${parsed} = 302382</msg>
<status status="PASS" starttime="20230707 18:29:09.180" endtime="20230707 18:29:09.181"/>
</kw>
<return>
<value>${parsed}</value>
<status status="PASS" starttime="20230707 18:29:09.181" endtime="20230707 18:29:09.181"/>
</return>
<msg timestamp="20230707 18:29:09.182" level="INFO">${info}[qtd_cotistas] = 302382</msg>
<status status="PASS" starttime="20230707 18:29:09.148" endtime="20230707 18:29:09.182"/>
</kw>
<kw name="Get Text" library="SeleniumLibrary">
<var>${info}[tp_fundo]</var>
<arg>//div[@class='moreInfo wrapper']//span[text()='Tipo de Fundo']/../b</arg>
<doc>Returns the text value of the element identified by ``locator``.</doc>
<msg timestamp="20230707 18:29:09.212" level="INFO">${info}[tp_fundo] = Fundo de Fundos</msg>
<status status="PASS" starttime="20230707 18:29:09.182" endtime="20230707 18:29:09.212"/>
</kw>
<kw name="Get Number value">
<var>${info}[qt_cotas]</var>
<arg>//div[@class='moreInfo wrapper']//span[text()='Número de Cotas']/../b</arg>
<kw name="Get Text" library="SeleniumLibrary">
<var>${raw}</var>
<arg>${locator}</arg>
<doc>Returns the text value of the element identified by ``locator``.</doc>
<msg timestamp="20230707 18:29:09.237" level="INFO">${raw} = 25.186.378</msg>
<status status="PASS" starttime="20230707 18:29:09.212" endtime="20230707 18:29:09.237"/>
</kw>
<kw name="Evaluate" library="BuiltIn">
<var>${parsed}</var>
<arg>$raw.replace('.', '').replace(',', '.')</arg>
<doc>Evaluates the given expression in Python and returns the result.</doc>
<msg timestamp="20230707 18:29:09.238" level="INFO">${parsed} = 25186378</msg>
<status status="PASS" starttime="20230707 18:29:09.237" endtime="20230707 18:29:09.238"/>
</kw>
<return>
<value>${parsed}</value>
<status status="PASS" starttime="20230707 18:29:09.238" endtime="20230707 18:29:09.238"/>
</return>
<msg timestamp="20230707 18:29:09.238" level="INFO">${info}[qt_cotas] = 25186378</msg>
<status status="PASS" starttime="20230707 18:29:09.212" endtime="20230707 18:29:09.238"/>
</kw>
<kw name="Get Number value">
<var>${vl_patrimonio}</var>
<arg>//div[@class='moreInfo wrapper']//span[text()='Patrimônio']/../b</arg>
<kw name="Get Text" library="SeleniumLibrary">
<var>${raw}</var>
<arg>${locator}</arg>
<doc>Returns the text value of the element identified by ``locator``.</doc>
<msg timestamp="20230707 18:29:09.270" level="INFO">${raw} = R$ 1.872.416.798</msg>
<status status="PASS" starttime="20230707 18:29:09.239" endtime="20230707 18:29:09.270"/>
</kw>
<kw name="Evaluate" library="BuiltIn">
<var>${parsed}</var>
<arg>$raw.replace('.', '').replace(',', '.')</arg>
<doc>Evaluates the given expression in Python and returns the result.</doc>
<msg timestamp="20230707 18:29:09.271" level="INFO">${parsed} = R$ 1872416798</msg>
<status status="PASS" starttime="20230707 18:29:09.270" endtime="20230707 18:29:09.271"/>
</kw>
<return>
<value>${parsed}</value>
<status status="PASS" starttime="20230707 18:29:09.271" endtime="20230707 18:29:09.271"/>
</return>
<msg timestamp="20230707 18:29:09.271" level="INFO">${vl_patrimonio} = R$ 1872416798</msg>
<status status="PASS" starttime="20230707 18:29:09.238" endtime="20230707 18:29:09.271"/>
</kw>
<kw name="Evaluate" library="BuiltIn">
<var>${info}[vl_patrimonio]</var>
<arg>$vl_patrimonio.split(' ')[1]</arg>
<doc>Evaluates the given expression in Python and returns the result.</doc>
<msg timestamp="20230707 18:29:09.272" level="INFO">${info}[vl_patrimonio] = 1872416798</msg>
<status status="PASS" starttime="20230707 18:29:09.272" endtime="20230707 18:29:09.272"/>
</kw>
<kw name="Get Text" library="SeleniumLibrary">
<var>${info}[cnpj]</var>
<arg>//div[@class='moreInfo wrapper']//span[text()='CNPJ']/../b</arg>
<doc>Returns the text value of the element identified by ``locator``.</doc>
<msg timestamp="20230707 18:29:09.307" level="INFO">${info}[cnpj] = 11.026.627/0001-38</msg>
<status status="PASS" starttime="20230707 18:29:09.273" endtime="20230707 18:29:09.307"/>
</kw>
<kw name="Evaluate" library="BuiltIn">
<var>${info}[admin]</var>
<arg>{}</arg>
<doc>Evaluates the given expression in Python and returns the result.</doc>
<msg timestamp="20230707 18:29:09.308" level="INFO">${info}[admin] = {}</msg>
<status status="PASS" starttime="20230707 18:29:09.308" endtime="20230707 18:29:09.308"/>
</kw>
<kw name="Get Text" library="SeleniumLibrary">
<var>${info}[admin][nome]</var>
<arg>//div[@class='informations__adm']//p</arg>
<doc>Returns the text value of the element identified by ``locator``.</doc>
<msg timestamp="20230707 18:29:09.346" level="INFO">${info}[admin][nome] = BTG PACTUAL SERVIÇOS FINANCEIROS S/A DTVM</msg>
<status status="PASS" starttime="20230707 18:29:09.308" endtime="20230707 18:29:09.346"/>
</kw>
<kw name="Get Text" library="SeleniumLibrary">
<var>${info}[admin][cnpj]</var>
<arg>//div[@class='informations__adm']//span[2]</arg>
<doc>Returns the text value of the element identified by ``locator``.</doc>
<msg timestamp="20230707 18:29:09.375" level="INFO">${info}[admin][cnpj] = 59.281.253/0001-23</msg>
<status status="PASS" starttime="20230707 18:29:09.346" endtime="20230707 18:29:09.375"/>
</kw>
<kw name="Get Text" library="SeleniumLibrary">
<var>${info}[admin][email]</var>
<arg>//div[@class='informations__contact']/div[2]//p</arg>
<doc>Returns the text value of the element identified by ``locator``.</doc>
<msg timestamp="20230707 18:29:09.410" level="INFO">${info}[admin][email] = ri.fundoslistados@btgpactual.com</msg>
<status status="PASS" starttime="20230707 18:29:09.375" endtime="20230707 18:29:09.410"/>
</kw>
<if>
<branch type="IF" condition="${dividend} != ${-1}">
<kw name="Connect To Deta" library="DetaLibrary">
<arg>project_key=e0vhkm6intc_CDf1VFjfCuL5h27yp75qfDugbWAMH5m4</arg>
<status status="PASS" starttime="20230707 18:29:09.411" endtime="20230707 18:29:09.412"/>
</kw>
<kw name="Select Base" library="DetaLibrary">
<arg>dividends</arg>
<status status="PASS" starttime="20230707 18:29:09.412" endtime="20230707 18:29:09.435"/>
</kw>
<kw name="Create Dictionary" library="BuiltIn">
<var>${data}</var>
<arg>ticker=${fii}</arg>
<arg>dados=${info}</arg>
<arg>date=${date}</arg>
<doc>Creates and returns a dictionary based on the given ``items``.</doc>
<msg timestamp="20230707 18:29:09.436" level="INFO">${data} = {'ticker': 'BCFF11', 'dados': {'date': '06/2023', 'dividend': '0.56', 'dividend_yield': '9.37', 'pvp': '0.97', 'price': '72.40', 'qtd_cotistas': '302382', 'tp_fundo': 'Fundo de Fundos', 'qt_cotas': '2...</msg>
<status status="PASS" starttime="20230707 18:29:09.435" endtime="20230707 18:29:09.436"/>
</kw>
<kw name="Create Dictionary" library="BuiltIn">
<var>${query}</var>
<arg>ticker?contains=${fii}</arg>
<arg>date=${date}</arg>
<doc>Creates and returns a dictionary based on the given ``items``.</doc>
<msg timestamp="20230707 18:29:09.437" level="INFO">${query} = {'ticker?contains': 'BCFF11', 'date': '06/2023'}</msg>
<status status="PASS" starttime="20230707 18:29:09.437" endtime="20230707 18:29:09.437"/>
</kw>
<kw name="Fetch From Base" library="DetaLibrary">
<var>${result}</var>
<arg>${query}</arg>
<msg timestamp="20230707 18:29:09.552" level="INFO">${result} = &lt;deta.base.FetchResponse object at 0x00000161CD001C90&gt;</msg>
<status status="PASS" starttime="20230707 18:29:09.438" endtime="20230707 18:29:09.552"/>
</kw>
<kw name="Evaluate" library="BuiltIn">
<var>${status}</var>
<arg>$result.count == 0</arg>
<doc>Evaluates the given expression in Python and returns the result.</doc>
<msg timestamp="20230707 18:29:09.553" level="INFO">${status} = False</msg>
<status status="PASS" starttime="20230707 18:29:09.552" endtime="20230707 18:29:09.553"/>
</kw>
<if>
<branch type="IF" condition="${status}">
<kw name="Insert In A Base" library="DetaLibrary">
<arg>data=${data}</arg>
<status status="NOT RUN" starttime="20230707 18:29:09.553" endtime="20230707 18:29:09.553"/>
</kw>
<status status="NOT RUN" starttime="20230707 18:29:09.553" endtime="20230707 18:29:09.553"/>
</branch>
<status status="PASS" starttime="20230707 18:29:09.553" endtime="20230707 18:29:09.553"/>
</if>
<status status="PASS" starttime="20230707 18:29:09.411" endtime="20230707 18:29:09.553"/>
</branch>
<status status="PASS" starttime="20230707 18:29:09.411" endtime="20230707 18:29:09.553"/>
</if>
<status status="PASS" starttime="20230707 18:29:05.179" endtime="20230707 18:29:09.553"/>
</iter>
<iter>
<var name="${fii}">CVBI11</var>
<kw name="Go To" library="SeleniumLibrary">
<arg>https://fiis.com.br/${fii}</arg>
<doc>Navigates the current browser window to the provided ``url``.</doc>
<msg timestamp="20230707 18:29:09.554" level="INFO">Opening url 'https://fiis.com.br/CVBI11'</msg>
<status status="PASS" starttime="20230707 18:29:09.554" endtime="20230707 18:29:12.711"/>
</kw>
<kw name="Create Dictionary" library="BuiltIn">
<var>&amp;{info}</var>
<doc>Creates and returns a dictionary based on the given ``items``.</doc>
<msg timestamp="20230707 18:29:12.712" level="INFO">&amp;{info} = { }</msg>
<status status="PASS" starttime="20230707 18:29:12.711" endtime="20230707 18:29:12.712"/>
</kw>
<kw name="Get Current Date" library="DateTime">
<var>${date}</var>
<arg>result_format=%m/%Y</arg>
<doc>Returns current local or UTC time with an optional increment.</doc>
<msg timestamp="20230707 18:29:12.712" level="INFO">${date} = 07/2023</msg>
<status status="PASS" starttime="20230707 18:29:12.712" endtime="20230707 18:29:12.712"/>
</kw>
<kw name="Set Variable" library="BuiltIn">
<var>${info}[date]</var>
<arg>${date}</arg>
<doc>Returns the given values which can then be assigned to a variables.</doc>
<msg timestamp="20230707 18:29:12.713" level="INFO">${info}[date] = 07/2023</msg>
<status status="PASS" starttime="20230707 18:29:12.712" endtime="20230707 18:29:12.713"/>
</kw>
<kw name="Get Dividend">
<var>${date}</var>
<var>${dividend}</var>
<kw name="Get Current Date" library="DateTime">
<var>${date}</var>
<arg>result_format=%m/%Y</arg>
<doc>Returns current local or UTC time with an optional increment.</doc>
<msg timestamp="20230707 18:29:12.714" level="INFO">${date} = 07/2023</msg>
<status status="PASS" starttime="20230707 18:29:12.713" endtime="20230707 18:29:12.714"/>
</kw>
<kw name="Set Variable" library="BuiltIn">
<var>${locator}</var>
<arg>//div[@data-category='rendimento']/p[contains(text(), '${date}')]</arg>
<doc>Returns the given values which can then be assigned to a variables.</doc>
<msg timestamp="20230707 18:29:12.714" level="INFO">${locator} = //div[@data-category='rendimento']/p[contains(text(), '07/2023')]</msg>
<status status="PASS" starttime="20230707 18:29:12.714" endtime="20230707 18:29:12.714"/>
</kw>
<kw name="Run Keyword And Return Status" library="BuiltIn">
<var>${status}</var>
<arg>Element Should Be Visible</arg>
<arg>${locator}</arg>
<doc>Runs the given keyword with given arguments and returns the status as a Boolean value.</doc>
<kw name="Element Should Be Visible" library="SeleniumLibrary">
<arg>${locator}</arg>
<doc>Verifies that the element identified by ``locator`` is visible.</doc>
<msg timestamp="20230707 18:29:12.731" level="FAIL">Element with locator '//div[@data-category='rendimento']/p[contains(text(), '07/2023')]' not found.</msg>
<status status="FAIL" starttime="20230707 18:29:12.715" endtime="20230707 18:29:12.731"/>
</kw>
<msg timestamp="20230707 18:29:12.732" level="INFO">${status} = False</msg>
<status status="PASS" starttime="20230707 18:29:12.714" endtime="20230707 18:29:12.732"/>
</kw>
<if>
<branch type="IF" condition="${status}">
<kw name="Get Text" library="SeleniumLibrary">
<var>${raw}</var>
<arg>${locator}</arg>
<doc>Returns the text value of the element identified by ``locator``.</doc>
<status status="NOT RUN" starttime="20230707 18:29:12.732" endtime="20230707 18:29:12.732"/>
</kw>
<kw name="Evaluate" library="BuiltIn">
<var>${dividendo}</var>
<arg>$raw.split('\\n')[1].split('R$ ')[1].split(' ')[0]</arg>
<doc>Evaluates the given expression in Python and returns the result.</doc>
<status status="NOT RUN" starttime="20230707 18:29:12.732" endtime="20230707 18:29:12.732"/>
</kw>
<kw name="Evaluate" library="BuiltIn">
<var>${dividendo}</var>
<arg>$dividendo.replace('.', '').replace(',', '.')</arg>
<doc>Evaluates the given expression in Python and returns the result.</doc>
<status status="NOT RUN" starttime="20230707 18:29:12.733" endtime="20230707 18:29:12.733"/>
</kw>
<return>
<value>${date}</value>
<value>${dividendo}</value>
<status status="NOT RUN" starttime="20230707 18:29:12.733" endtime="20230707 18:29:12.733"/>
</return>
<status status="NOT RUN" starttime="20230707 18:29:12.732" endtime="20230707 18:29:12.733"/>
</branch>
<branch type="ELSE">
<kw name="Get Current Date" library="DateTime">
<var>${date}</var>
<arg>increment=-30d</arg>
<arg>result_format=%m/%Y</arg>
<doc>Returns current local or UTC time with an optional increment.</doc>
<msg timestamp="20230707 18:29:12.734" level="INFO">${date} = 06/2023</msg>
<status status="PASS" starttime="20230707 18:29:12.734" endtime="20230707 18:29:12.734"/>
</kw>
<kw name="Set Variable" library="BuiltIn">
<var>${locator}</var>
<arg>//div[@data-category='rendimento']/p[contains(text(), '${date}')]</arg>
<doc>Returns the given values which can then be assigned to a variables.</doc>
<msg timestamp="20230707 18:29:12.735" level="INFO">${locator} = //div[@data-category='rendimento']/p[contains(text(), '06/2023')]</msg>
<status status="PASS" starttime="20230707 18:29:12.735" endtime="20230707 18:29:12.735"/>
</kw>
<kw name="Run Keyword And Return Status" library="BuiltIn">
<var>${status}</var>
<arg>Element Should Be Visible</arg>
<arg>${locator}</arg>
<doc>Runs the given keyword with given arguments and returns the status as a Boolean value.</doc>
<kw name="Element Should Be Visible" library="SeleniumLibrary">
<arg>${locator}</arg>
<doc>Verifies that the element identified by ``locator`` is visible.</doc>
<msg timestamp="20230707 18:29:13.017" level="INFO">Element '//div[@data-category='rendimento']/p[contains(text(), '06/2023')]' is displayed.</msg>
<status status="PASS" starttime="20230707 18:29:12.736" endtime="20230707 18:29:13.017"/>
</kw>
<msg timestamp="20230707 18:29:13.018" level="INFO">${status} = True</msg>
<status status="PASS" starttime="20230707 18:29:12.736" endtime="20230707 18:29:13.018"/>
</kw>
<if>
<branch type="IF" condition="${status}">
<kw name="Get Text" library="SeleniumLibrary">
<var>${raw}</var>
<arg>${locator}</arg>
<doc>Returns the text value of the element identified by ``locator``.</doc>
<msg timestamp="20230707 18:29:13.048" level="INFO">${raw} = Informou distribuição de:
Rendimento no valor de R$ 1,10 por cota no dia 16/06/2023</msg>
<status status="PASS" starttime="20230707 18:29:13.018" endtime="20230707 18:29:13.048"/>
</kw>
<kw name="Evaluate" library="BuiltIn">
<var>${dividendo}</var>
<arg>$raw.split('\\n')[1].split('R$ ')[1].split(' ')[0]</arg>
<doc>Evaluates the given expression in Python and returns the result.</doc>
<msg timestamp="20230707 18:29:13.050" level="INFO">${dividendo} = 1,10</msg>
<status status="PASS" starttime="20230707 18:29:13.049" endtime="20230707 18:29:13.050"/>
</kw>
<kw name="Evaluate" library="BuiltIn">
<var>${dividendo}</var>
<arg>$dividendo.replace('.', '').replace(',', '.')</arg>
<doc>Evaluates the given expression in Python and returns the result.</doc>
<msg timestamp="20230707 18:29:13.051" level="INFO">${dividendo} = 1.10</msg>
<status status="PASS" starttime="20230707 18:29:13.050" endtime="20230707 18:29:13.051"/>
</kw>
<return>
<value>${date}</value>
<value>${dividendo}</value>
<status status="PASS" starttime="20230707 18:29:13.051" endtime="20230707 18:29:13.051"/>
</return>
<status status="PASS" starttime="20230707 18:29:13.018" endtime="20230707 18:29:13.051"/>
</branch>
<branch type="ELSE">
<return>
<value>${date}</value>
<value>${-1}</value>
<status status="NOT RUN" starttime="20230707 18:29:13.051" endtime="20230707 18:29:13.051"/>
</return>
<status status="NOT RUN" starttime="20230707 18:29:13.051" endtime="20230707 18:29:13.051"/>
</branch>
<status status="PASS" starttime="20230707 18:29:13.018" endtime="20230707 18:29:13.051"/>
</if>
<status status="PASS" starttime="20230707 18:29:12.733" endtime="20230707 18:29:13.051"/>
</branch>
<status status="PASS" starttime="20230707 18:29:12.732" endtime="20230707 18:29:13.051"/>
</if>
<msg timestamp="20230707 18:29:13.051" level="INFO">${date} = 06/2023</msg>
<msg timestamp="20230707 18:29:13.051" level="INFO">${dividend} = 1.10</msg>
<status status="PASS" starttime="20230707 18:29:12.713" endtime="20230707 18:29:13.052"/>
</kw>
<kw name="Set Variable" library="BuiltIn">
<var>${info}[date]</var>
<arg>${date}</arg>
<doc>Returns the given values which can then be assigned to a variables.</doc>
<msg timestamp="20230707 18:29:13.052" level="INFO">${info}[date] = 06/2023</msg>
<status status="PASS" starttime="20230707 18:29:13.052" endtime="20230707 18:29:13.052"/>
</kw>
<kw name="Set Variable" library="BuiltIn">
<var>${info}[dividend]</var>
<arg>${dividend}</arg>
<doc>Returns the given values which can then be assigned to a variables.</doc>
<msg timestamp="20230707 18:29:13.053" level="INFO">${info}[dividend] = 1.10</msg>
<status status="PASS" starttime="20230707 18:29:13.052" endtime="20230707 18:29:13.053"/>
</kw>
<kw name="Get Number value">
<var>${info}[dividend_yield]</var>
<arg>//div[@class='indicators']//p[text()='Dividend Yield']/..//b</arg>
<kw name="Get Text" library="SeleniumLibrary">
<var>${raw}</var>
<arg>${locator}</arg>
<doc>Returns the text value of the element identified by ``locator``.</doc>
<msg timestamp="20230707 18:29:13.089" level="INFO">${raw} = 12,49</msg>
<status status="PASS" starttime="20230707 18:29:13.054" endtime="20230707 18:29:13.089"/>
</kw>
<kw name="Evaluate" library="BuiltIn">
<var>${parsed}</var>
<arg>$raw.replace('.', '').replace(',', '.')</arg>
<doc>Evaluates the given expression in Python and returns the result.</doc>
<msg timestamp="20230707 18:29:13.091" level="INFO">${parsed} = 12.49</msg>
<status status="PASS" starttime="20230707 18:29:13.090" endtime="20230707 18:29:13.091"/>
</kw>
<return>
<value>${parsed}</value>
<status status="PASS" starttime="20230707 18:29:13.091" endtime="20230707 18:29:13.091"/>
</return>
<msg timestamp="20230707 18:29:13.092" level="INFO">${info}[dividend_yield] = 12.49</msg>
<status status="PASS" starttime="20230707 18:29:13.053" endtime="20230707 18:29:13.092"/>
</kw>
<kw name="Get Number value">
<var>${info}[pvp]</var>
<arg>//div[@class='indicators']//p[text()='P/VP']/..//b</arg>
<kw name="Get Text" library="SeleniumLibrary">
<var>${raw}</var>
<arg>${locator}</arg>
<doc>Returns the text value of the element identified by ``locator``.</doc>
<msg timestamp="20230707 18:29:13.123" level="INFO">${raw} = 0,97</msg>
<status status="PASS" starttime="20230707 18:29:13.092" endtime="20230707 18:29:13.123"/>
</kw>
<kw name="Evaluate" library="BuiltIn">
<var>${parsed}</var>
<arg>$raw.replace('.', '').replace(',', '.')</arg>
<doc>Evaluates the given expression in Python and returns the result.</doc>
<msg timestamp="20230707 18:29:13.124" level="INFO">${parsed} = 0.97</msg>
<status status="PASS" starttime="20230707 18:29:13.123" endtime="20230707 18:29:13.124"/>
</kw>
<return>
<value>${parsed}</value>
<status status="PASS" starttime="20230707 18:29:13.124" endtime="20230707 18:29:13.124"/>
</return>
<msg timestamp="20230707 18:29:13.124" level="INFO">${info}[pvp] = 0.97</msg>
<status status="PASS" starttime="20230707 18:29:13.092" endtime="20230707 18:29:13.124"/>
</kw>
<kw name="Get Number value">
<var>${info}[price]</var>
<arg>//div[@class='item quotation']//span[@class='value']</arg>
<kw name="Get Text" library="SeleniumLibrary">
<var>${raw}</var>
<arg>${locator}</arg>
<doc>Returns the text value of the element identified by ``locator``.</doc>
<msg timestamp="20230707 18:29:13.150" level="INFO">${raw} = 92,83</msg>
<status status="PASS" starttime="20230707 18:29:13.125" endtime="20230707 18:29:13.150"/>
</kw>
<kw name="Evaluate" library="BuiltIn">
<var>${parsed}</var>
<arg>$raw.replace('.', '').replace(',', '.')</arg>
<doc>Evaluates the given expression in Python and returns the result.</doc>
<msg timestamp="20230707 18:29:13.150" level="INFO">${parsed} = 92.83</msg>
<status status="PASS" starttime="20230707 18:29:13.150" endtime="20230707 18:29:13.151"/>
</kw>
<return>
<value>${parsed}</value>
<status status="PASS" starttime="20230707 18:29:13.151" endtime="20230707 18:29:13.151"/>
</return>
<msg timestamp="20230707 18:29:13.151" level="INFO">${info}[price] = 92.83</msg>
<status status="PASS" starttime="20230707 18:29:13.124" endtime="20230707 18:29:13.151"/>
</kw>
<kw name="Get Number value">
<var>${info}[qtd_cotistas]</var>
<arg>//div[@class='wrapper indicators']//p[text()='N° de Cotistas']/..//b</arg>
<kw name="Get Text" library="SeleniumLibrary">
<var>${raw}</var>
<arg>${locator}</arg>
<doc>Returns the text value of the element identified by ``locator``.</doc>
<msg timestamp="20230707 18:29:13.177" level="INFO">${raw} = 74.706</msg>
<status status="PASS" starttime="20230707 18:29:13.151" endtime="20230707 18:29:13.177"/>
</kw>
<kw name="Evaluate" library="BuiltIn">
<var>${parsed}</var>
<arg>$raw.replace('.', '').replace(',', '.')</arg>
<doc>Evaluates the given expression in Python and returns the result.</doc>
<msg timestamp="20230707 18:29:13.178" level="INFO">${parsed} = 74706</msg>
<status status="PASS" starttime="20230707 18:29:13.177" endtime="20230707 18:29:13.178"/>
</kw>
<return>
<value>${parsed}</value>
<status status="PASS" starttime="20230707 18:29:13.178" endtime="20230707 18:29:13.178"/>
</return>
<msg timestamp="20230707 18:29:13.178" level="INFO">${info}[qtd_cotistas] = 74706</msg>
<status status="PASS" starttime="20230707 18:29:13.151" endtime="20230707 18:29:13.178"/>
</kw>
<kw name="Get Text" library="SeleniumLibrary">
<var>${info}[tp_fundo]</var>
<arg>//div[@class='moreInfo wrapper']//span[text()='Tipo de Fundo']/../b</arg>
<doc>Returns the text value of the element identified by ``locator``.</doc>
<msg timestamp="20230707 18:29:13.220" level="INFO">${info}[tp_fundo] = Papéis</msg>
<status status="PASS" starttime="20230707 18:29:13.178" endtime="20230707 18:29:13.220"/>
</kw>
<kw name="Get Number value">
<var>${info}[qt_cotas]</var>
<arg>//div[@class='moreInfo wrapper']//span[text()='Número de Cotas']/../b</arg>
<kw name="Get Text" library="SeleniumLibrary">
<var>${raw}</var>
<arg>${locator}</arg>
<doc>Returns the text value of the element identified by ``locator``.</doc>
<msg timestamp="20230707 18:29:13.248" level="INFO">${raw} = 11.010.228</msg>
<status status="PASS" starttime="20230707 18:29:13.221" endtime="20230707 18:29:13.248"/>
</kw>
<kw name="Evaluate" library="BuiltIn">
<var>${parsed}</var>
<arg>$raw.replace('.', '').replace(',', '.')</arg>
<doc>Evaluates the given expression in Python and returns the result.</doc>
<msg timestamp="20230707 18:29:13.248" level="INFO">${parsed} = 11010228</msg>
<status status="PASS" starttime="20230707 18:29:13.248" endtime="20230707 18:29:13.248"/>
</kw>
<return>
<value>${parsed}</value>
<status status="PASS" starttime="20230707 18:29:13.249" endtime="20230707 18:29:13.249"/>
</return>
<msg timestamp="20230707 18:29:13.249" level="INFO">${info}[qt_cotas] = 11010228</msg>
<status status="PASS" starttime="20230707 18:29:13.220" endtime="20230707 18:29:13.249"/>
</kw>
<kw name="Get Number value">
<var>${vl_patrimonio}</var>
<arg>//div[@class='moreInfo wrapper']//span[text()='Patrimônio']/../b</arg>
<kw name="Get Text" library="SeleniumLibrary">
<var>${raw}</var>
<arg>${locator}</arg>
<doc>Returns the text value of the element identified by ``locator``.</doc>
<msg timestamp="20230707 18:29:13.280" level="INFO">${raw} = R$ 1.049.548.114</msg>
<status status="PASS" starttime="20230707 18:29:13.250" endtime="20230707 18:29:13.280"/>
</kw>
<kw name="Evaluate" library="BuiltIn">
<var>${parsed}</var>
<arg>$raw.replace('.', '').replace(',', '.')</arg>
<doc>Evaluates the given expression in Python and returns the result.</doc>
<msg timestamp="20230707 18:29:13.281" level="INFO">${parsed} = R$ 1049548114</msg>
<status status="PASS" starttime="20230707 18:29:13.280" endtime="20230707 18:29:13.281"/>
</kw>
<return>
<value>${parsed}</value>
<status status="PASS" starttime="20230707 18:29:13.281" endtime="20230707 18:29:13.281"/>
</return>
<msg timestamp="20230707 18:29:13.281" level="INFO">${vl_patrimonio} = R$ 1049548114</msg>
<status status="PASS" starttime="20230707 18:29:13.249" endtime="20230707 18:29:13.281"/>
</kw>
<kw name="Evaluate" library="BuiltIn">
<var>${info}[vl_patrimonio]</var>
<arg>$vl_patrimonio.split(' ')[1]</arg>
<doc>Evaluates the given expression in Python and returns the result.</doc>
<msg timestamp="20230707 18:29:13.282" level="INFO">${info}[vl_patrimonio] = 1049548114</msg>
<status status="PASS" starttime="20230707 18:29:13.281" endtime="20230707 18:29:13.282"/>
</kw>
<kw name="Get Text" library="SeleniumLibrary">
<var>${info}[cnpj]</var>
<arg>//div[@class='moreInfo wrapper']//span[text()='CNPJ']/../b</arg>
<doc>Returns the text value of the element identified by ``locator``.</doc>
<msg timestamp="20230707 18:29:13.314" level="INFO">${info}[cnpj] = 28.729.197/0001-13</msg>
<status status="PASS" starttime="20230707 18:29:13.282" endtime="20230707 18:29:13.314"/>
</kw>
<kw name="Evaluate" library="BuiltIn">
<var>${info}[admin]</var>
<arg>{}</arg>
<doc>Evaluates the given expression in Python and returns the result.</doc>
<msg timestamp="20230707 18:29:13.315" level="INFO">${info}[admin] = {}</msg>
<status status="PASS" starttime="20230707 18:29:13.314" endtime="20230707 18:29:13.315"/>
</kw>
<kw name="Get Text" library="SeleniumLibrary">
<var>${info}[admin][nome]</var>
<arg>//div[@class='informations__adm']//p</arg>
<doc>Returns the text value of the element identified by ``locator``.</doc>
<msg timestamp="20230707 18:29:13.353" level="INFO">${info}[admin][nome] = BRL TRUST DISTRIBUIDORA DE TITULOS E VALORES MOBILIARIOS S.A.</msg>
<status status="PASS" starttime="20230707 18:29:13.315" endtime="20230707 18:29:13.353"/>
</kw>
<kw name="Get Text" library="SeleniumLibrary">
<var>${info}[admin][cnpj]</var>
<arg>//div[@class='informations__adm']//span[2]</arg>
<doc>Returns the text value of the element identified by ``locator``.</doc>
<msg timestamp="20230707 18:29:13.390" level="INFO">${info}[admin][cnpj] = 13.486.793/0001-42</msg>
<status status="PASS" starttime="20230707 18:29:13.353" endtime="20230707 18:29:13.390"/>
</kw>
<kw name="Get Text" library="SeleniumLibrary">
<var>${info}[admin][email]</var>
<arg>//div[@class='informations__contact']/div[2]//p</arg>
<doc>Returns the text value of the element identified by ``locator``.</doc>
<msg timestamp="20230707 18:29:13.431" level="INFO">${info}[admin][email] = juridico.fii@brltrust.com.br</msg>
<status status="PASS" starttime="20230707 18:29:13.391" endtime="20230707 18:29:13.431"/>
</kw>
<if>
<branch type="IF" condition="${dividend} != ${-1}">
<kw name="Connect To Deta" library="DetaLibrary">
<arg>project_key=e0vhkm6intc_CDf1VFjfCuL5h27yp75qfDugbWAMH5m4</arg>
<status status="PASS" starttime="20230707 18:29:13.432" endtime="20230707 18:29:13.433"/>
</kw>
<kw name="Select Base" library="DetaLibrary">
<arg>dividends</arg>
<status status="PASS" starttime="20230707 18:29:13.434" endtime="20230707 18:29:13.463"/>
</kw>
<kw name="Create Dictionary" library="BuiltIn">
<var>${data}</var>
<arg>ticker=${fii}</arg>
<arg>dados=${info}</arg>
<arg>date=${date}</arg>
<doc>Creates and returns a dictionary based on the given ``items``.</doc>
<msg timestamp="20230707 18:29:13.464" level="INFO">${data} = {'ticker': 'CVBI11', 'dados': {'date': '06/2023', 'dividend': '1.10', 'dividend_yield': '12.49', 'pvp': '0.97', 'price': '92.83', 'qtd_cotistas': '74706', 'tp_fundo': 'Papéis', 'qt_cotas': '11010228',...</msg>
<status status="PASS" starttime="20230707 18:29:13.463" endtime="20230707 18:29:13.464"/>
</kw>
<kw name="Create Dictionary" library="BuiltIn">
<var>${query}</var>
<arg>ticker?contains=${fii}</arg>
<arg>date=${date}</arg>
<doc>Creates and returns a dictionary based on the given ``items``.</doc>
<msg timestamp="20230707 18:29:13.465" level="INFO">${query} = {'ticker?contains': 'CVBI11', 'date': '06/2023'}</msg>
<status status="PASS" starttime="20230707 18:29:13.465" endtime="20230707 18:29:13.465"/>
</kw>
<kw name="Fetch From Base" library="DetaLibrary">
<var>${result}</var>
<arg>${query}</arg>
<msg timestamp="20230707 18:29:13.669" level="INFO">${result} = &lt;deta.base.FetchResponse object at 0x00000161CCE47E80&gt;</msg>
<status status="PASS" starttime="20230707 18:29:13.466" endtime="20230707 18:29:13.669"/>
</kw>
<kw name="Evaluate" library="BuiltIn">
<var>${status}</var>
<arg>$result.count == 0</arg>
<doc>Evaluates the given expression in Python and returns the result.</doc>
<msg timestamp="20230707 18:29:13.670" level="INFO">${status} = False</msg>
<status status="PASS" starttime="20230707 18:29:13.669" endtime="20230707 18:29:13.670"/>
</kw>
<if>
<branch type="IF" condition="${status}">
<kw name="Insert In A Base" library="DetaLibrary">
<arg>data=${data}</arg>
<status status="NOT RUN" starttime="20230707 18:29:13.670" endtime="20230707 18:29:13.670"/>
</kw>
<status status="NOT RUN" starttime="20230707 18:29:13.670" endtime="20230707 18:29:13.670"/>
</branch>
<status status="PASS" starttime="20230707 18:29:13.670" endtime="20230707 18:29:13.671"/>
</if>
<status status="PASS" starttime="20230707 18:29:13.431" endtime="20230707 18:29:13.671"/>
</branch>
<status status="PASS" starttime="20230707 18:29:13.431" endtime="20230707 18:29:13.671"/>
</if>
<status status="PASS" starttime="20230707 18:29:09.553" endtime="20230707 18:29:13.671"/>
</iter>
<iter>
<var name="${fii}">HCTR11</var>
<kw name="Go To" library="SeleniumLibrary">
<arg>https://fiis.com.br/${fii}</arg>
<doc>Navigates the current browser window to the provided ``url``.</doc>
<msg timestamp="20230707 18:29:13.672" level="INFO">Opening url 'https://fiis.com.br/HCTR11'</msg>
<status status="PASS" starttime="20230707 18:29:13.671" endtime="20230707 18:29:17.551"/>
</kw>
<kw name="Create Dictionary" library="BuiltIn">
<var>&amp;{info}</var>
<doc>Creates and returns a dictionary based on the given ``items``.</doc>
<msg timestamp="20230707 18:29:17.552" level="INFO">&amp;{info} = { }</msg>
<status status="PASS" starttime="20230707 18:29:17.552" endtime="20230707 18:29:17.552"/>
</kw>
<kw name="Get Current Date" library="DateTime">
<var>${date}</var>
<arg>result_format=%m/%Y</arg>
<doc>Returns current local or UTC time with an optional increment.</doc>
<msg timestamp="20230707 18:29:17.553" level="INFO">${date} = 07/2023</msg>
<status status="PASS" starttime="20230707 18:29:17.553" endtime="20230707 18:29:17.553"/>
</kw>
<kw name="Set Variable" library="BuiltIn">
<var>${info}[date]</var>
<arg>${date}</arg>
<doc>Returns the given values which can then be assigned to a variables.</doc>
<msg timestamp="20230707 18:29:17.555" level="INFO">${info}[date] = 07/2023</msg>
<status status="PASS" starttime="20230707 18:29:17.554" endtime="20230707 18:29:17.555"/>
</kw>
<kw name="Get Dividend">
<var>${date}</var>
<var>${dividend}</var>
<kw name="Get Current Date" library="DateTime">
<var>${date}</var>
<arg>result_format=%m/%Y</arg>
<doc>Returns current local or UTC time with an optional increment.</doc>
<msg timestamp="20230707 18:29:17.556" level="INFO">${date} = 07/2023</msg>
<status status="PASS" starttime="20230707 18:29:17.556" endtime="20230707 18:29:17.556"/>
</kw>
<kw name="Set Variable" library="BuiltIn">
<var>${locator}</var>
<arg>//div[@data-category='rendimento']/p[contains(text(), '${date}')]</arg>
<doc>Returns the given values which can then be assigned to a variables.</doc>
<msg timestamp="20230707 18:29:17.557" level="INFO">${locator} = //div[@data-category='rendimento']/p[contains(text(), '07/2023')]</msg>
<status status="PASS" starttime="20230707 18:29:17.557" endtime="20230707 18:29:17.557"/>
</kw>
<kw name="Run Keyword And Return Status" library="BuiltIn">
<var>${status}</var>
<arg>Element Should Be Visible</arg>
<arg>${locator}</arg>
<doc>Runs the given keyword with given arguments and returns the status as a Boolean value.</doc>
<kw name="Element Should Be Visible" library="SeleniumLibrary">
<arg>${locator}</arg>
<doc>Verifies that the element identified by ``locator`` is visible.</doc>
<msg timestamp="20230707 18:29:17.596" level="FAIL">Element with locator '//div[@data-category='rendimento']/p[contains(text(), '07/2023')]' not found.</msg>
<status status="FAIL" starttime="20230707 18:29:17.558" endtime="20230707 18:29:17.597"/>
</kw>
<msg timestamp="20230707 18:29:17.597" level="INFO">${status} = False</msg>
<status status="PASS" starttime="20230707 18:29:17.558" endtime="20230707 18:29:17.597"/>
</kw>
<if>
<branch type="IF" condition="${status}">
<kw name="Get Text" library="SeleniumLibrary">
<var>${raw}</var>
<arg>${locator}</arg>
<doc>Returns the text value of the element identified by ``locator``.</doc>
<status status="NOT RUN" starttime="20230707 18:29:17.598" endtime="20230707 18:29:17.598"/>
</kw>
<kw name="Evaluate" library="BuiltIn">
<var>${dividendo}</var>
<arg>$raw.split('\\n')[1].split('R$ ')[1].split(' ')[0]</arg>
<doc>Evaluates the given expression in Python and returns the result.</doc>
<status status="NOT RUN" starttime="20230707 18:29:17.598" endtime="20230707 18:29:17.598"/>
</kw>
<kw name="Evaluate" library="BuiltIn">
<var>${dividendo}</var>
<arg>$dividendo.replace('.', '').replace(',', '.')</arg>
<doc>Evaluates the given expression in Python and returns the result.</doc>
<status status="NOT RUN" starttime="20230707 18:29:17.598" endtime="20230707 18:29:17.598"/>
</kw>
<return>
<value>${date}</value>
<value>${dividendo}</value>
<status status="NOT RUN" starttime="20230707 18:29:17.598" endtime="20230707 18:29:17.598"/>
</return>
<status status="NOT RUN" starttime="20230707 18:29:17.597" endtime="20230707 18:29:17.598"/>
</branch>
<branch type="ELSE">
<kw name="Get Current Date" library="DateTime">
<var>${date}</var>
<arg>increment=-30d</arg>
<arg>result_format=%m/%Y</arg>
<doc>Returns current local or UTC time with an optional increment.</doc>
<msg timestamp="20230707 18:29:17.599" level="INFO">${date} = 06/2023</msg>
<status status="PASS" starttime="20230707 18:29:17.598" endtime="20230707 18:29:17.599"/>
</kw>
<kw name="Set Variable" library="BuiltIn">
<var>${locator}</var>
<arg>//div[@data-category='rendimento']/p[contains(text(), '${date}')]</arg>
<doc>Returns the given values which can then be assigned to a variables.</doc>
<msg timestamp="20230707 18:29:17.599" level="INFO">${locator} = //div[@data-category='rendimento']/p[contains(text(), '06/2023')]</msg>
<status status="PASS" starttime="20230707 18:29:17.599" endtime="20230707 18:29:17.599"/>
</kw>
<kw name="Run Keyword And Return Status" library="BuiltIn">
<var>${status}</var>
<arg>Element Should Be Visible</arg>
<arg>${locator}</arg>
<doc>Runs the given keyword with given arguments and returns the status as a Boolean value.</doc>
<kw name="Element Should Be Visible" library="SeleniumLibrary">
<arg>${locator}</arg>
<doc>Verifies that the element identified by ``locator`` is visible.</doc>
<msg timestamp="20230707 18:29:17.625" level="INFO">Element '//div[@data-category='rendimento']/p[contains(text(), '06/2023')]' is displayed.</msg>
<status status="PASS" starttime="20230707 18:29:17.600" endtime="20230707 18:29:17.625"/>
</kw>
<msg timestamp="20230707 18:29:17.625" level="INFO">${status} = True</msg>
<status status="PASS" starttime="20230707 18:29:17.599" endtime="20230707 18:29:17.625"/>
</kw>
<if>
<branch type="IF" condition="${status}">
<kw name="Get Text" library="SeleniumLibrary">
<var>${raw}</var>
<arg>${locator}</arg>
<doc>Returns the text value of the element identified by ``locator``.</doc>
<msg timestamp="20230707 18:29:17.812" level="INFO">${raw} = Informou distribuição de:
Rendimento no valor de R$ 0,50 por cota no dia 15/06/2023</msg>
<status status="PASS" starttime="20230707 18:29:17.625" endtime="20230707 18:29:17.813"/>
</kw>
<kw name="Evaluate" library="BuiltIn">
<var>${dividendo}</var>
<arg>$raw.split('\\n')[1].split('R$ ')[1].split(' ')[0]</arg>
<doc>Evaluates the given expression in Python and returns the result.</doc>
<msg timestamp="20230707 18:29:17.813" level="INFO">${dividendo} = 0,50</msg>
<status status="PASS" starttime="20230707 18:29:17.813" endtime="20230707 18:29:17.813"/>
</kw>
<kw name="Evaluate" library="BuiltIn">
<var>${dividendo}</var>
<arg>$dividendo.replace('.', '').replace(',', '.')</arg>
<doc>Evaluates the given expression in Python and returns the result.</doc>
<msg timestamp="20230707 18:29:17.814" level="INFO">${dividendo} = 0.50</msg>
<status status="PASS" starttime="20230707 18:29:17.813" endtime="20230707 18:29:17.814"/>
</kw>
<return>
<value>${date}</value>
<value>${dividendo}</value>
<status status="PASS" starttime="20230707 18:29:17.814" endtime="20230707 18:29:17.814"/>
</return>
<status status="PASS" starttime="20230707 18:29:17.625" endtime="20230707 18:29:17.814"/>
</branch>
<branch type="ELSE">
<return>
<value>${date}</value>
<value>${-1}</value>
<status status="NOT RUN" starttime="20230707 18:29:17.814" endtime="20230707 18:29:17.814"/>
</return>
<status status="NOT RUN" starttime="20230707 18:29:17.814" endtime="20230707 18:29:17.814"/>
</branch>
<status status="PASS" starttime="20230707 18:29:17.625" endtime="20230707 18:29:17.814"/>
</if>
<status status="PASS" starttime="20230707 18:29:17.598" endtime="20230707 18:29:17.815"/>
</branch>
<status status="PASS" starttime="20230707 18:29:17.597" endtime="20230707 18:29:17.815"/>
</if>
<msg timestamp="20230707 18:29:17.815" level="INFO">${date} = 06/2023</msg>
<msg timestamp="20230707 18:29:17.815" level="INFO">${dividend} = 0.50</msg>
<status status="PASS" starttime="20230707 18:29:17.555" endtime="20230707 18:29:17.815"/>
</kw>
<kw name="Set Variable" library="BuiltIn">
<var>${info}[date]</var>
<arg>${date}</arg>
<doc>Returns the given values which can then be assigned to a variables.</doc>
<msg timestamp="20230707 18:29:17.815" level="INFO">${info}[date] = 06/2023</msg>
<status status="PASS" starttime="20230707 18:29:17.815" endtime="20230707 18:29:17.815"/>
</kw>
<kw name="Set Variable" library="BuiltIn">
<var>${info}[dividend]</var>
<arg>${dividend}</arg>
<doc>Returns the given values which can then be assigned to a variables.</doc>
<msg timestamp="20230707 18:29:17.816" level="INFO">${info}[dividend] = 0.50</msg>
<status status="PASS" starttime="20230707 18:29:17.816" endtime="20230707 18:29:17.816"/>
</kw>
<kw name="Get Number value">
<var>${info}[dividend_yield]</var>
<arg>//div[@class='indicators']//p[text()='Dividend Yield']/..//b</arg>
<kw name="Get Text" library="SeleniumLibrary">
<var>${raw}</var>
<arg>${locator}</arg>
<doc>Returns the text value of the element identified by ``locator``.</doc>
<msg timestamp="20230707 18:29:17.848" level="INFO">${raw} = 19,15</msg>
<status status="PASS" starttime="20230707 18:29:17.817" endtime="20230707 18:29:17.848"/>
</kw>
<kw name="Evaluate" library="BuiltIn">
<var>${parsed}</var>
<arg>$raw.replace('.', '').replace(',', '.')</arg>
<doc>Evaluates the given expression in Python and returns the result.</doc>
<msg timestamp="20230707 18:29:17.849" level="INFO">${parsed} = 19.15</msg>
<status status="PASS" starttime="20230707 18:29:17.848" endtime="20230707 18:29:17.849"/>
</kw>
<return>
<value>${parsed}</value>
<status status="PASS" starttime="20230707 18:29:17.850" endtime="20230707 18:29:17.850"/>
</return>
<msg timestamp="20230707 18:29:17.851" level="INFO">${info}[dividend_yield] = 19.15</msg>
<status status="PASS" starttime="20230707 18:29:17.816" endtime="20230707 18:29:17.851"/>
</kw>
<kw name="Get Number value">
<var>${info}[pvp]</var>
<arg>//div[@class='indicators']//p[text()='P/VP']/..//b</arg>
<kw name="Get Text" library="SeleniumLibrary">
<var>${raw}</var>
<arg>${locator}</arg>
<doc>Returns the text value of the element identified by ``locator``.</doc>
<msg timestamp="20230707 18:29:17.882" level="INFO">${raw} = 0,54</msg>
<status status="PASS" starttime="20230707 18:29:17.851" endtime="20230707 18:29:17.882"/>
</kw>
<kw name="Evaluate" library="BuiltIn">
<var>${parsed}</var>
<arg>$raw.replace('.', '').replace(',', '.')</arg>
<doc>Evaluates the given expression in Python and returns the result.</doc>
<msg timestamp="20230707 18:29:17.883" level="INFO">${parsed} = 0.54</msg>
<status status="PASS" starttime="20230707 18:29:17.882" endtime="20230707 18:29:17.883"/>
</kw>
<return>
<value>${parsed}</value>
<status status="PASS" starttime="20230707 18:29:17.884" endtime="20230707 18:29:17.884"/>
</return>
<msg timestamp="20230707 18:29:17.884" level="INFO">${info}[pvp] = 0.54</msg>
<status status="PASS" starttime="20230707 18:29:17.851" endtime="20230707 18:29:17.884"/>
</kw>
<kw name="Get Number value">
<var>${info}[price]</var>
<arg>//div[@class='item quotation']//span[@class='value']</arg>
<kw name="Get Text" library="SeleniumLibrary">
<var>${raw}</var>
<arg>${locator}</arg>
<doc>Returns the text value of the element identified by ``locator``.</doc>
<msg timestamp="20230707 18:29:17.910" level="INFO">${raw} = 59,97</msg>
<status status="PASS" starttime="20230707 18:29:17.885" endtime="20230707 18:29:17.910"/>
</kw>
<kw name="Evaluate" library="BuiltIn">
<var>${parsed}</var>
<arg>$raw.replace('.', '').replace(',', '.')</arg>
<doc>Evaluates the given expression in Python and returns the result.</doc>
<msg timestamp="20230707 18:29:17.911" level="INFO">${parsed} = 59.97</msg>
<status status="PASS" starttime="20230707 18:29:17.910" endtime="20230707 18:29:17.911"/>
</kw>
<return>
<value>${parsed}</value>
<status status="PASS" starttime="20230707 18:29:17.911" endtime="20230707 18:29:17.911"/>
</return>
<msg timestamp="20230707 18:29:17.911" level="INFO">${info}[price] = 59.97</msg>
<status status="PASS" starttime="20230707 18:29:17.884" endtime="20230707 18:29:17.911"/>
</kw>
<kw name="Get Number value">
<var>${info}[qtd_cotistas]</var>
<arg>//div[@class='wrapper indicators']//p[text()='N° de Cotistas']/..//b</arg>
<kw name="Get Text" library="SeleniumLibrary">
<var>${raw}</var>
<arg>${locator}</arg>
<doc>Returns the text value of the element identified by ``locator``.</doc>
<msg timestamp="20230707 18:29:17.938" level="INFO">${raw} = 209.604</msg>
<status status="PASS" starttime="20230707 18:29:17.912" endtime="20230707 18:29:17.938"/>
</kw>
<kw name="Evaluate" library="BuiltIn">
<var>${parsed}</var>
<arg>$raw.replace('.', '').replace(',', '.')</arg>
<doc>Evaluates the given expression in Python and returns the result.</doc>
<msg timestamp="20230707 18:29:17.939" level="INFO">${parsed} = 209604</msg>
<status status="PASS" starttime="20230707 18:29:17.939" endtime="20230707 18:29:17.939"/>
</kw>
<return>
<value>${parsed}</value>
<status status="PASS" starttime="20230707 18:29:17.939" endtime="20230707 18:29:17.939"/>
</return>
<msg timestamp="20230707 18:29:17.939" level="INFO">${info}[qtd_cotistas] = 209604</msg>
<status status="PASS" starttime="20230707 18:29:17.911" endtime="20230707 18:29:17.939"/>
</kw>
<kw name="Get Text" library="SeleniumLibrary">
<var>${info}[tp_fundo]</var>
<arg>//div[@class='moreInfo wrapper']//span[text()='Tipo de Fundo']/../b</arg>
<doc>Returns the text value of the element identified by ``locator``.</doc>
<msg timestamp="20230707 18:29:17.961" level="INFO">${info}[tp_fundo] = Papéis</msg>
<status status="PASS" starttime="20230707 18:29:17.940" endtime="20230707 18:29:17.961"/>
</kw>
<kw name="Get Number value">
<var>${info}[qt_cotas]</var>
<arg>//div[@class='moreInfo wrapper']//span[text()='Número de Cotas']/../b</arg>
<kw name="Get Text" library="SeleniumLibrary">
<var>${raw}</var>
<arg>${locator}</arg>
<doc>Returns the text value of the element identified by ``locator``.</doc>
<msg timestamp="20230707 18:29:17.983" level="INFO">${raw} = 22.084.202</msg>
<status status="PASS" starttime="20230707 18:29:17.961" endtime="20230707 18:29:17.983"/>
</kw>
<kw name="Evaluate" library="BuiltIn">
<var>${parsed}</var>
<arg>$raw.replace('.', '').replace(',', '.')</arg>
<doc>Evaluates the given expression in Python and returns the result.</doc>
<msg timestamp="20230707 18:29:17.984" level="INFO">${parsed} = 22084202</msg>
<status status="PASS" starttime="20230707 18:29:17.984" endtime="20230707 18:29:17.984"/>
</kw>
<return>
<value>${parsed}</value>
<status status="PASS" starttime="20230707 18:29:17.985" endtime="20230707 18:29:17.985"/>
</return>
<msg timestamp="20230707 18:29:17.985" level="INFO">${info}[qt_cotas] = 22084202</msg>
<status status="PASS" starttime="20230707 18:29:17.961" endtime="20230707 18:29:17.985"/>
</kw>
<kw name="Get Number value">
<var>${vl_patrimonio}</var>
<arg>//div[@class='moreInfo wrapper']//span[text()='Patrimônio']/../b</arg>
<kw name="Get Text" library="SeleniumLibrary">
<var>${raw}</var>
<arg>${locator}</arg>
<doc>Returns the text value of the element identified by ``locator``.</doc>
<msg timestamp="20230707 18:29:18.009" level="INFO">${raw} = R$ 2.438.015.529</msg>
<status status="PASS" starttime="20230707 18:29:17.985" endtime="20230707 18:29:18.009"/>
</kw>
<kw name="Evaluate" library="BuiltIn">
<var>${parsed}</var>
[...]
<msg timestamp="20230707 18:29:49.574" level="FAIL">Element with locator '//div[@data-category='rendimento']/p[contains(text(), '07/2023')]' not found.</msg>
<status status="FAIL" starttime="20230707 18:29:49.533" endtime="20230707 18:29:49.575"/>
</kw>
<msg timestamp="20230707 18:29:49.575" level="INFO">${status} = False</msg>
<status status="PASS" starttime="20230707 18:29:49.533" endtime="20230707 18:29:49.575"/>
</kw>
<if>
<branch type="IF" condition="${status}">
<kw name="Get Text" library="SeleniumLibrary">
<var>${raw}</var>
<arg>${locator}</arg>
<doc>Returns the text value of the element identified by ``locator``.</doc>
<status status="NOT RUN" starttime="20230707 18:29:49.576" endtime="20230707 18:29:49.576"/>
</kw>
<kw name="Evaluate" library="BuiltIn">
<var>${dividendo}</var>
<arg>$raw.split('\\n')[1].split('R$ ')[1].split(' ')[0]</arg>
<doc>Evaluates the given expression in Python and returns the result.</doc>
<status status="NOT RUN" starttime="20230707 18:29:49.576" endtime="20230707 18:29:49.576"/>
</kw>
<kw name="Evaluate" library="BuiltIn">
<var>${dividendo}</var>
<arg>$dividendo.replace('.', '').replace(',', '.')</arg>
<doc>Evaluates the given expression in Python and returns the result.</doc>
<status status="NOT RUN" starttime="20230707 18:29:49.577" endtime="20230707 18:29:49.577"/>
</kw>
<return>
<value>${date}</value>
<value>${dividendo}</value>
<status status="NOT RUN" starttime="20230707 18:29:49.577" endtime="20230707 18:29:49.577"/>
</return>
<status status="NOT RUN" starttime="20230707 18:29:49.575" endtime="20230707 18:29:49.577"/>
</branch>
<branch type="ELSE">
<kw name="Get Current Date" library="DateTime">
<var>${date}</var>
<arg>increment=-30d</arg>
<arg>result_format=%m/%Y</arg>
<doc>Returns current local or UTC time with an optional increment.</doc>
<msg timestamp="20230707 18:29:49.578" level="INFO">${date} = 06/2023</msg>
<status status="PASS" starttime="20230707 18:29:49.577" endtime="20230707 18:29:49.578"/>
</kw>
<kw name="Set Variable" library="BuiltIn">
<var>${locator}</var>
<arg>//div[@data-category='rendimento']/p[contains(text(), '${date}')]</arg>
<doc>Returns the given values which can then be assigned to a variables.</doc>
<msg timestamp="20230707 18:29:49.579" level="INFO">${locator} = //div[@data-category='rendimento']/p[contains(text(), '06/2023')]</msg>
<status status="PASS" starttime="20230707 18:29:49.578" endtime="20230707 18:29:49.579"/>
</kw>
<kw name="Run Keyword And Return Status" library="BuiltIn">
<var>${status}</var>
<arg>Element Should Be Visible</arg>
<arg>${locator}</arg>
<doc>Runs the given keyword with given arguments and returns the status as a Boolean value.</doc>
<kw name="Element Should Be Visible" library="SeleniumLibrary">
<arg>${locator}</arg>
<doc>Verifies that the element identified by ``locator`` is visible.</doc>
<msg timestamp="20230707 18:29:49.616" level="INFO">Element '//div[@data-category='rendimento']/p[contains(text(), '06/2023')]' is displayed.</msg>
<status status="PASS" starttime="20230707 18:29:49.579" endtime="20230707 18:29:49.616"/>
</kw>
<msg timestamp="20230707 18:29:49.617" level="INFO">${status} = True</msg>
<status status="PASS" starttime="20230707 18:29:49.579" endtime="20230707 18:29:49.617"/>
</kw>
<if>
<branch type="IF" condition="${status}">
<kw name="Get Text" library="SeleniumLibrary">
<var>${raw}</var>
<arg>${locator}</arg>
<doc>Returns the text value of the element identified by ``locator``.</doc>
<msg timestamp="20230707 18:29:49.809" level="INFO">${raw} = Informou distribuição de:
Rendimento no valor de R$ 0,81 por cota no dia 23/06/2023</msg>
<status status="PASS" starttime="20230707 18:29:49.617" endtime="20230707 18:29:49.809"/>
</kw>
<kw name="Evaluate" library="BuiltIn">
<var>${dividendo}</var>
<arg>$raw.split('\\n')[1].split('R$ ')[1].split(' ')[0]</arg>
<doc>Evaluates the given expression in Python and returns the result.</doc>
<msg timestamp="20230707 18:29:49.810" level="INFO">${dividendo} = 0,81</msg>
<status status="PASS" starttime="20230707 18:29:49.809" endtime="20230707 18:29:49.810"/>
</kw>
<kw name="Evaluate" library="BuiltIn">
<var>${dividendo}</var>
<arg>$dividendo.replace('.', '').replace(',', '.')</arg>
<doc>Evaluates the given expression in Python and returns the result.</doc>
<msg timestamp="20230707 18:29:49.812" level="INFO">${dividendo} = 0.81</msg>
<status status="PASS" starttime="20230707 18:29:49.811" endtime="20230707 18:29:49.812"/>
</kw>
<return>
<value>${date}</value>
<value>${dividendo}</value>
<status status="PASS" starttime="20230707 18:29:49.812" endtime="20230707 18:29:49.812"/>
</return>
<status status="PASS" starttime="20230707 18:29:49.617" endtime="20230707 18:29:49.812"/>
</branch>
<branch type="ELSE">
<return>
<value>${date}</value>
<value>${-1}</value>
<status status="NOT RUN" starttime="20230707 18:29:49.812" endtime="20230707 18:29:49.812"/>
</return>
<status status="NOT RUN" starttime="20230707 18:29:49.812" endtime="20230707 18:29:49.812"/>
</branch>
<status status="PASS" starttime="20230707 18:29:49.617" endtime="20230707 18:29:49.812"/>
</if>
<status status="PASS" starttime="20230707 18:29:49.577" endtime="20230707 18:29:49.813"/>
</branch>
<status status="PASS" starttime="20230707 18:29:49.575" endtime="20230707 18:29:49.813"/>
</if>
<msg timestamp="20230707 18:29:49.813" level="INFO">${date} = 06/2023</msg>
<msg timestamp="20230707 18:29:49.813" level="INFO">${dividend} = 0.81</msg>
<status status="PASS" starttime="20230707 18:29:49.531" endtime="20230707 18:29:49.813"/>
</kw>
<kw name="Set Variable" library="BuiltIn">
<var>${info}[date]</var>
<arg>${date}</arg>
<doc>Returns the given values which can then be assigned to a variables.</doc>
<msg timestamp="20230707 18:29:49.814" level="INFO">${info}[date] = 06/2023</msg>
<status status="PASS" starttime="20230707 18:29:49.814" endtime="20230707 18:29:49.814"/>
</kw>
<kw name="Set Variable" library="BuiltIn">
<var>${info}[dividend]</var>
<arg>${dividend}</arg>
<doc>Returns the given values which can then be assigned to a variables.</doc>
<msg timestamp="20230707 18:29:49.815" level="INFO">${info}[dividend] = 0.81</msg>
<status status="PASS" starttime="20230707 18:29:49.814" endtime="20230707 18:29:49.815"/>
</kw>
<kw name="Get Number value">
<var>${info}[dividend_yield]</var>
<arg>//div[@class='indicators']//p[text()='Dividend Yield']/..//b</arg>
<kw name="Get Text" library="SeleniumLibrary">
<var>${raw}</var>
<arg>${locator}</arg>
<doc>Returns the text value of the element identified by ``locator``.</doc>
<msg timestamp="20230707 18:29:49.848" level="INFO">${raw} = 8,86</msg>
<status status="PASS" starttime="20230707 18:29:49.816" endtime="20230707 18:29:49.848"/>
</kw>
<kw name="Evaluate" library="BuiltIn">
<var>${parsed}</var>
<arg>$raw.replace('.', '').replace(',', '.')</arg>
<doc>Evaluates the given expression in Python and returns the result.</doc>
<msg timestamp="20230707 18:29:49.849" level="INFO">${parsed} = 8.86</msg>
<status status="PASS" starttime="20230707 18:29:49.848" endtime="20230707 18:29:49.849"/>
</kw>
<return>
<value>${parsed}</value>
<status status="PASS" starttime="20230707 18:29:49.849" endtime="20230707 18:29:49.849"/>
</return>
<msg timestamp="20230707 18:29:49.849" level="INFO">${info}[dividend_yield] = 8.86</msg>
<status status="PASS" starttime="20230707 18:29:49.815" endtime="20230707 18:29:49.849"/>
</kw>
<kw name="Get Number value">
<var>${info}[pvp]</var>
<arg>//div[@class='indicators']//p[text()='P/VP']/..//b</arg>
<kw name="Get Text" library="SeleniumLibrary">
<var>${raw}</var>
<arg>${locator}</arg>
<doc>Returns the text value of the element identified by ``locator``.</doc>
<msg timestamp="20230707 18:29:49.877" level="INFO">${raw} = 1,06</msg>
<status status="PASS" starttime="20230707 18:29:49.850" endtime="20230707 18:29:49.877"/>
</kw>
<kw name="Evaluate" library="BuiltIn">
<var>${parsed}</var>
<arg>$raw.replace('.', '').replace(',', '.')</arg>
<doc>Evaluates the given expression in Python and returns the result.</doc>
<msg timestamp="20230707 18:29:49.878" level="INFO">${parsed} = 1.06</msg>
<status status="PASS" starttime="20230707 18:29:49.877" endtime="20230707 18:29:49.878"/>
</kw>
<return>
<value>${parsed}</value>
<status status="PASS" starttime="20230707 18:29:49.878" endtime="20230707 18:29:49.878"/>
</return>
<msg timestamp="20230707 18:29:49.878" level="INFO">${info}[pvp] = 1.06</msg>
<status status="PASS" starttime="20230707 18:29:49.849" endtime="20230707 18:29:49.878"/>
</kw>
<kw name="Get Number value">
<var>${info}[price]</var>
<arg>//div[@class='item quotation']//span[@class='value']</arg>
<kw name="Get Text" library="SeleniumLibrary">
<var>${raw}</var>
<arg>${locator}</arg>
<doc>Returns the text value of the element identified by ``locator``.</doc>
<msg timestamp="20230707 18:29:49.906" level="INFO">${raw} = 104,24</msg>
<status status="PASS" starttime="20230707 18:29:49.879" endtime="20230707 18:29:49.906"/>
</kw>
<kw name="Evaluate" library="BuiltIn">
<var>${parsed}</var>
<arg>$raw.replace('.', '').replace(',', '.')</arg>
<doc>Evaluates the given expression in Python and returns the result.</doc>
<msg timestamp="20230707 18:29:49.907" level="INFO">${parsed} = 104.24</msg>
<status status="PASS" starttime="20230707 18:29:49.906" endtime="20230707 18:29:49.907"/>
</kw>
<return>
<value>${parsed}</value>
<status status="PASS" starttime="20230707 18:29:49.907" endtime="20230707 18:29:49.907"/>
</return>
<msg timestamp="20230707 18:29:49.907" level="INFO">${info}[price] = 104.24</msg>
<status status="PASS" starttime="20230707 18:29:49.878" endtime="20230707 18:29:49.907"/>
</kw>
<kw name="Get Number value">
<var>${info}[qtd_cotistas]</var>
<arg>//div[@class='wrapper indicators']//p[text()='N° de Cotistas']/..//b</arg>
<kw name="Get Text" library="SeleniumLibrary">
<var>${raw}</var>
<arg>${locator}</arg>
<doc>Returns the text value of the element identified by ``locator``.</doc>
<msg timestamp="20230707 18:29:49.931" level="INFO">${raw} = 317.438</msg>
<status status="PASS" starttime="20230707 18:29:49.908" endtime="20230707 18:29:49.931"/>
</kw>
<kw name="Evaluate" library="BuiltIn">
<var>${parsed}</var>
<arg>$raw.replace('.', '').replace(',', '.')</arg>
<doc>Evaluates the given expression in Python and returns the result.</doc>
<msg timestamp="20230707 18:29:49.932" level="INFO">${parsed} = 317438</msg>
<status status="PASS" starttime="20230707 18:29:49.931" endtime="20230707 18:29:49.932"/>
</kw>
<return>
<value>${parsed}</value>
<status status="PASS" starttime="20230707 18:29:49.932" endtime="20230707 18:29:49.932"/>
</return>
<msg timestamp="20230707 18:29:49.932" level="INFO">${info}[qtd_cotistas] = 317438</msg>
<status status="PASS" starttime="20230707 18:29:49.907" endtime="20230707 18:29:49.932"/>
</kw>
<kw name="Get Text" library="SeleniumLibrary">
<var>${info}[tp_fundo]</var>
<arg>//div[@class='moreInfo wrapper']//span[text()='Tipo de Fundo']/../b</arg>
<doc>Returns the text value of the element identified by ``locator``.</doc>
<msg timestamp="20230707 18:29:49.955" level="INFO">${info}[tp_fundo] = Shoppings</msg>
<status status="PASS" starttime="20230707 18:29:49.932" endtime="20230707 18:29:49.955"/>
</kw>
<kw name="Get Number value">
<var>${info}[qt_cotas]</var>
<arg>//div[@class='moreInfo wrapper']//span[text()='Número de Cotas']/../b</arg>
<kw name="Get Text" library="SeleniumLibrary">
<var>${raw}</var>
<arg>${locator}</arg>
<doc>Returns the text value of the element identified by ``locator``.</doc>
<msg timestamp="20230707 18:29:49.981" level="INFO">${raw} = 21.314.099</msg>
<status status="PASS" starttime="20230707 18:29:49.956" endtime="20230707 18:29:49.981"/>
</kw>
<kw name="Evaluate" library="BuiltIn">
<var>${parsed}</var>
<arg>$raw.replace('.', '').replace(',', '.')</arg>
<doc>Evaluates the given expression in Python and returns the result.</doc>
<msg timestamp="20230707 18:29:49.981" level="INFO">${parsed} = 21314099</msg>
<status status="PASS" starttime="20230707 18:29:49.981" endtime="20230707 18:29:49.981"/>
</kw>
<return>
<value>${parsed}</value>
<status status="PASS" starttime="20230707 18:29:49.981" endtime="20230707 18:29:49.982"/>
</return>
<msg timestamp="20230707 18:29:49.982" level="INFO">${info}[qt_cotas] = 21314099</msg>
<status status="PASS" starttime="20230707 18:29:49.955" endtime="20230707 18:29:49.982"/>
</kw>
<kw name="Get Number value">
<var>${vl_patrimonio}</var>
<arg>//div[@class='moreInfo wrapper']//span[text()='Patrimônio']/../b</arg>
<kw name="Get Text" library="SeleniumLibrary">
<var>${raw}</var>
<arg>${locator}</arg>
<doc>Returns the text value of the element identified by ``locator``.</doc>
<msg timestamp="20230707 18:29:50.006" level="INFO">${raw} = R$ 2.098.002.887</msg>
<status status="PASS" starttime="20230707 18:29:49.982" endtime="20230707 18:29:50.006"/>
</kw>
<kw name="Evaluate" library="BuiltIn">
<var>${parsed}</var>
<arg>$raw.replace('.', '').replace(',', '.')</arg>
<doc>Evaluates the given expression in Python and returns the result.</doc>
<msg timestamp="20230707 18:29:50.006" level="INFO">${parsed} = R$ 2098002887</msg>
<status status="PASS" starttime="20230707 18:29:50.006" endtime="20230707 18:29:50.007"/>
</kw>
<return>
<value>${parsed}</value>
<status status="PASS" starttime="20230707 18:29:50.007" endtime="20230707 18:29:50.007"/>
</return>
<msg timestamp="20230707 18:29:50.007" level="INFO">${vl_patrimonio} = R$ 2098002887</msg>
<status status="PASS" starttime="20230707 18:29:49.982" endtime="20230707 18:29:50.007"/>
</kw>
<kw name="Evaluate" library="BuiltIn">
<var>${info}[vl_patrimonio]</var>
<arg>$vl_patrimonio.split(' ')[1]</arg>
<doc>Evaluates the given expression in Python and returns the result.</doc>
<msg timestamp="20230707 18:29:50.007" level="INFO">${info}[vl_patrimonio] = 2098002887</msg>
<status status="PASS" starttime="20230707 18:29:50.007" endtime="20230707 18:29:50.007"/>
</kw>
<kw name="Get Text" library="SeleniumLibrary">
<var>${info}[cnpj]</var>
<arg>//div[@class='moreInfo wrapper']//span[text()='CNPJ']/../b</arg>
<doc>Returns the text value of the element identified by ``locator``.</doc>
<msg timestamp="20230707 18:29:50.033" level="INFO">${info}[cnpj] = 28.757.546/0001-00</msg>
<status status="PASS" starttime="20230707 18:29:50.008" endtime="20230707 18:29:50.033"/>
</kw>
<kw name="Evaluate" library="BuiltIn">
<var>${info}[admin]</var>
<arg>{}</arg>
<doc>Evaluates the given expression in Python and returns the result.</doc>
<msg timestamp="20230707 18:29:50.033" level="INFO">${info}[admin] = {}</msg>
<status status="PASS" starttime="20230707 18:29:50.033" endtime="20230707 18:29:50.033"/>
</kw>
<kw name="Get Text" library="SeleniumLibrary">
<var>${info}[admin][nome]</var>
<arg>//div[@class='informations__adm']//p</arg>
<doc>Returns the text value of the element identified by ``locator``.</doc>
<msg timestamp="20230707 18:29:50.056" level="INFO">${info}[admin][nome] = XP INVESTIMENTOS CCTVM S.A.</msg>
<status status="PASS" starttime="20230707 18:29:50.033" endtime="20230707 18:29:50.056"/>
</kw>
<kw name="Get Text" library="SeleniumLibrary">
<var>${info}[admin][cnpj]</var>
<arg>//div[@class='informations__adm']//span[2]</arg>
<doc>Returns the text value of the element identified by ``locator``.</doc>
<msg timestamp="20230707 18:29:50.080" level="INFO">${info}[admin][cnpj] = 02.332.886/0001-04</msg>
<status status="PASS" starttime="20230707 18:29:50.056" endtime="20230707 18:29:50.080"/>
</kw>
<kw name="Get Text" library="SeleniumLibrary">
<var>${info}[admin][email]</var>
<arg>//div[@class='informations__contact']/div[2]//p</arg>
<doc>Returns the text value of the element identified by ``locator``.</doc>
<msg timestamp="20230707 18:29:50.102" level="INFO">${info}[admin][email] = adm.fundos.estruturados@xpi.com.br</msg>
<status status="PASS" starttime="20230707 18:29:50.080" endtime="20230707 18:29:50.102"/>
</kw>
<if>
<branch type="IF" condition="${dividend} != ${-1}">
<kw name="Connect To Deta" library="DetaLibrary">
<arg>project_key=e0vhkm6intc_CDf1VFjfCuL5h27yp75qfDugbWAMH5m4</arg>
<status status="PASS" starttime="20230707 18:29:50.103" endtime="20230707 18:29:50.104"/>
</kw>
<kw name="Select Base" library="DetaLibrary">
<arg>dividends</arg>
<status status="PASS" starttime="20230707 18:29:50.104" endtime="20230707 18:29:50.124"/>
</kw>
<kw name="Create Dictionary" library="BuiltIn">
<var>${data}</var>
<arg>ticker=${fii}</arg>
<arg>dados=${info}</arg>
<arg>date=${date}</arg>
<doc>Creates and returns a dictionary based on the given ``items``.</doc>
<msg timestamp="20230707 18:29:50.126" level="INFO">${data} = {'ticker': 'XPML11', 'dados': {'date': '06/2023', 'dividend': '0.81', 'dividend_yield': '8.86', 'pvp': '1.06', 'price': '104.24', 'qtd_cotistas': '317438', 'tp_fundo': 'Shoppings', 'qt_cotas': '213140...</msg>
<status status="PASS" starttime="20230707 18:29:50.125" endtime="20230707 18:29:50.126"/>
</kw>
<kw name="Create Dictionary" library="BuiltIn">
<var>${query}</var>
<arg>ticker?contains=${fii}</arg>
<arg>date=${date}</arg>
<doc>Creates and returns a dictionary based on the given ``items``.</doc>
<msg timestamp="20230707 18:29:50.127" level="INFO">${query} = {'ticker?contains': 'XPML11', 'date': '06/2023'}</msg>
<status status="PASS" starttime="20230707 18:29:50.126" endtime="20230707 18:29:50.127"/>
</kw>
<kw name="Fetch From Base" library="DetaLibrary">
<var>${result}</var>
<arg>${query}</arg>
<msg timestamp="20230707 18:29:50.301" level="INFO">${result} = &lt;deta.base.FetchResponse object at 0x00000161CD090970&gt;</msg>
<status status="PASS" starttime="20230707 18:29:50.127" endtime="20230707 18:29:50.301"/>
</kw>
<kw name="Evaluate" library="BuiltIn">
<var>${status}</var>
<arg>$result.count == 0</arg>
<doc>Evaluates the given expression in Python and returns the result.</doc>
<msg timestamp="20230707 18:29:50.302" level="INFO">${status} = False</msg>
<status status="PASS" starttime="20230707 18:29:50.301" endtime="20230707 18:29:50.302"/>
</kw>
<if>
<branch type="IF" condition="${status}">
<kw name="Insert In A Base" library="DetaLibrary">
<arg>data=${data}</arg>
<status status="NOT RUN" starttime="20230707 18:29:50.302" endtime="20230707 18:29:50.302"/>
</kw>
<status status="NOT RUN" starttime="20230707 18:29:50.302" endtime="20230707 18:29:50.303"/>
</branch>
<status status="PASS" starttime="20230707 18:29:50.302" endtime="20230707 18:29:50.303"/>
</if>
<status status="PASS" starttime="20230707 18:29:50.102" endtime="20230707 18:29:50.303"/>
</branch>
<status status="PASS" starttime="20230707 18:29:50.102" endtime="20230707 18:29:50.303"/>
</if>
<status status="PASS" starttime="20230707 18:29:46.100" endtime="20230707 18:29:50.303"/>
</iter>
<status status="PASS" starttime="20230707 18:28:56.922" endtime="20230707 18:29:50.303"/>
</for>
<kw name="Close All Browsers" library="SeleniumLibrary" type="TEARDOWN">
<doc>Closes all open browsers and resets the browser cache.</doc>
<status status="PASS" starttime="20230707 18:29:50.303" endtime="20230707 18:29:56.875"/>
</kw>
<status status="PASS" starttime="20230707 18:28:54.958" endtime="20230707 18:29:56.875"/>
</test>
<status status="PASS" starttime="20230707 18:28:54.528" endtime="20230707 18:29:56.877"/>
</suite>
<status status="PASS" starttime="20230707 18:28:54.524" endtime="20230707 18:29:56.877"/>
</suite>
<status status="PASS" starttime="20230707 18:28:54.521" endtime="20230707 18:29:56.877"/>
</suite>
<status status="PASS" starttime="20230707 18:28:54.490" endtime="20230707 18:29:56.878"/>
</suite>
<statistics>
<total>
<stat pass="1" fail="0" skip="0">All Tasks</stat>
</total>
<tag>
</tag>
<suite>
<stat pass="1" fail="0" skip="0" id="s1" name="Fiis">Fiis</stat>
<stat pass="1" fail="0" skip="0" id="s1-s1" name="Src">Fiis.Src</stat>
<stat pass="1" fail="0" skip="0" id="s1-s1-s1" name="Tasks">Fiis.Src.Tasks</stat>
<stat pass="1" fail="0" skip="0" id="s1-s1-s1-s1" name="Extractor">Fiis.Src.Tasks.Extractor</stat>
</suite>
</statistics>
<errors>
</errors>
</robot>
